5 fold CV -- 1/5
5 fold CV -- 2/5
5 fold CV -- 3/5
5 fold CV -- 4/5
5 fold CV -- 5/5
Current model: GBM, current hyper-parameter: 8, current F1 score: 0.70575236; current sensitivity: 0.84558452
5 fold CV -- 1/5
5 fold CV -- 2/5
5 fold CV -- 3/5
5 fold CV -- 4/5
5 fold CV -- 5/5
Current model: GBM, current hyper-parameter: 16, current F1 score: 0.71365748; current sensitivity: 0.82001099
5 fold CV -- 1/5
5 fold CV -- 2/5
5 fold CV -- 3/5
5 fold CV -- 4/5
5 fold CV -- 5/5
Current model: GBM, current hyper-parameter: 32, current F1 score: 0.72011527; current sensitivity: 0.78633344
5 fold CV -- 1/5
5 fold CV -- 2/5
5 fold CV -- 3/5
5 fold CV -- 4/5
5 fold CV -- 5/5
Current model: GBM, current hyper-parameter: 64, current F1 score: 0.73028704; current sensitivity: 0.75766397
5 fold CV -- 1/5
5 fold CV -- 2/5
5 fold CV -- 3/5
5 fold CV -- 4/5
5 fold CV -- 5/5
Current model: GBM, current hyper-parameter: 128, current F1 score: 0.72437686; current sensitivity: 0.70400516
5 fold CV -- 1/5
5 fold CV -- 2/5
5 fold CV -- 3/5
5 fold CV -- 4/5
5 fold CV -- 5/5
Current model: GBM, current hyper-parameter: 256, current F1 score: 0.70557583; current sensitivity: 0.61713257
Best hyper-parameter: 64
Model:
GradientBoostingClassifier(ccp_alpha=0.0, criterion='friedman_mse', init=None,
                           learning_rate=0.1, loss='deviance', max_depth=3,
                           max_features=None, max_leaf_nodes=None,
                           min_impurity_decrease=0.0, min_impurity_split=None,
                           min_samples_leaf=1, min_samples_split=2,
                           min_weight_fraction_leaf=0.0, n_estimators=64,
                           n_iter_no_change=None, presort='deprecated',
                           random_state=None, subsample=1.0, tol=0.0001,
                           validation_fraction=0.1, verbose=0,
                           warm_start=False)
[MIMIC] train AUC: 0.87513137, test AUC: 0.82527417, train F1: 0.79107791, test F1: 0.74882355, test Precision: 0.75257512, test Recall: 0.74880946, sensitivity: 0.80480091, specificity: 0.69281801, PPV: 0.73386871, NPV: 0.77128152
[EICU] test AUC: 0.61479490, test F1: 0.38341769, test Precision: 0.50726419, test Recall: 0.58822092
