Current model: DT, current hyper-parameter: 1, current F1 score: 0.37580353
Current model: DT, current hyper-parameter: 2, current F1 score: 0.45812001
Current model: DT, current hyper-parameter: 3, current F1 score: 0.44387526
Current model: DT, current hyper-parameter: 4, current F1 score: 0.46031031
Current model: DT, current hyper-parameter: 5, current F1 score: 0.45943986
Current model: DT, current hyper-parameter: 6, current F1 score: 0.47895977
Current model: DT, current hyper-parameter: 7, current F1 score: 0.47739716
Current model: DT, current hyper-parameter: 8, current F1 score: 0.48380707
Current model: DT, current hyper-parameter: 9, current F1 score: 0.48838573
Current model: DT, current hyper-parameter: 10, current F1 score: 0.48863666
Best hyper-parameter: 10
Model:
DecisionTreeClassifier(class_weight={0: 215, 1: 44947}, criterion='gini',
            max_depth=10, max_features=None, max_leaf_nodes=None,
            min_impurity_decrease=0.0, min_impurity_split=None,
            min_samples_leaf=1, min_samples_split=2,
            min_weight_fraction_leaf=0.0, presort=False, random_state=None,
            splitter='best')
[MIMIC] train AUC: 0.96954541, test AUC: 0.65199799, train F1: 0.52596646, test F1: 0.47687617, test Precision: 0.50549706, test Recall: 0.64719277
[EICU] test AUC: 0.52784353, test F1: 0.50663436, test Precision: 0.50751620, test Recall: 0.52740547
