5 fold CV -- 1/5
5 fold CV -- 2/5
5 fold CV -- 3/5
5 fold CV -- 4/5
5 fold CV -- 5/5
Current model: logit_l1, current hyper-parameter: 0.5, current F1 score: 0.71511458; current sensitivity: 0.73713177
5 fold CV -- 1/5
5 fold CV -- 2/5
5 fold CV -- 3/5
5 fold CV -- 4/5
5 fold CV -- 5/5
Current model: logit_l1, current hyper-parameter: 1, current F1 score: 0.71387612; current sensitivity: 0.73445085
5 fold CV -- 1/5
5 fold CV -- 2/5
5 fold CV -- 3/5
5 fold CV -- 4/5
5 fold CV -- 5/5
Current model: logit_l1, current hyper-parameter: 1.5, current F1 score: 0.71391051; current sensitivity: 0.73458645
5 fold CV -- 1/5
5 fold CV -- 2/5
5 fold CV -- 3/5
5 fold CV -- 4/5
5 fold CV -- 5/5
Current model: logit_l1, current hyper-parameter: 2, current F1 score: 0.71356055; current sensitivity: 0.73383810
5 fold CV -- 1/5
5 fold CV -- 2/5
5 fold CV -- 3/5
5 fold CV -- 4/5
5 fold CV -- 5/5
Current model: logit_l1, current hyper-parameter: 2.5, current F1 score: 0.71329278; current sensitivity: 0.73328604
5 fold CV -- 1/5
5 fold CV -- 2/5
5 fold CV -- 3/5
5 fold CV -- 4/5
5 fold CV -- 5/5
Current model: logit_l1, current hyper-parameter: 3, current F1 score: 0.71329274; current sensitivity: 0.73328604
Best hyper-parameter: 0.5
Model:
LogisticRegression(C=0.5, class_weight=None, dual=False, fit_intercept=True,
                   intercept_scaling=1, l1_ratio=None, max_iter=100,
                   multi_class='auto', n_jobs=-1, penalty='l1',
                   random_state=None, solver='saga', tol=0.0001, verbose=0,
                   warm_start=False)
[MIMIC] train AUC: 0.82913639, test AUC: 0.78482331, train F1: 0.75219661, test F1: 0.71037306, test Precision: 0.71071102, test Recall: 0.71024949, sensitivity: 0.73188623, specificity: 0.68861275, PPV: 0.71491127, NPV: 0.70651077
[EICU] test AUC: 0.62462468, test F1: 0.47615944, test Precision: 0.50826614, test Recall: 0.56183905
