Current model: DT, current hyper-parameter: 1, current F1 score: 0.40590505
Current model: DT, current hyper-parameter: 2, current F1 score: 0.40590505
Current model: DT, current hyper-parameter: 3, current F1 score: 0.44658159
Current model: DT, current hyper-parameter: 4, current F1 score: 0.43329728
Current model: DT, current hyper-parameter: 5, current F1 score: 0.44997671
Current model: DT, current hyper-parameter: 6, current F1 score: 0.45740659
Current model: DT, current hyper-parameter: 7, current F1 score: 0.45973848
Current model: DT, current hyper-parameter: 8, current F1 score: 0.47180182
Current model: DT, current hyper-parameter: 9, current F1 score: 0.47284235
Current model: DT, current hyper-parameter: 10, current F1 score: 0.48233945
Best hyper-parameter: 10
Model:
DecisionTreeClassifier(class_weight={0: 774, 1: 65985}, criterion='gini',
            max_depth=10, max_features=None, max_leaf_nodes=None,
            min_impurity_decrease=0.0, min_impurity_split=None,
            min_samples_leaf=1, min_samples_split=2,
            min_weight_fraction_leaf=0.0, presort=False, random_state=None,
            splitter='best')
[MIMIC] train AUC: 0.92035952, test AUC: 0.76404576, train F1: 0.51044667, test F1: 0.48106048, test Precision: 0.51348462, test Recall: 0.76735735
[EICU] test AUC: 0.57610354, test F1: 0.45373741, test Precision: 0.50494333, test Recall: 0.58105848
