Current model: DT, current hyper-parameter: 1, current F1 score: 0.34796631
Current model: DT, current hyper-parameter: 2, current F1 score: 0.39252265
Current model: DT, current hyper-parameter: 3, current F1 score: 0.37136755
Current model: DT, current hyper-parameter: 4, current F1 score: 0.40023103
Current model: DT, current hyper-parameter: 5, current F1 score: 0.43432010
Current model: DT, current hyper-parameter: 6, current F1 score: 0.42399090
Current model: DT, current hyper-parameter: 7, current F1 score: 0.45517445
Current model: DT, current hyper-parameter: 8, current F1 score: 0.45305246
Current model: DT, current hyper-parameter: 9, current F1 score: 0.46351127
Current model: DT, current hyper-parameter: 10, current F1 score: 0.46489809
Best hyper-parameter: 10
Model:
DecisionTreeClassifier(class_weight={0: 264, 1: 51678}, criterion='gini',
            max_depth=10, max_features=None, max_leaf_nodes=None,
            min_impurity_decrease=0.0, min_impurity_split=None,
            min_samples_leaf=1, min_samples_split=2,
            min_weight_fraction_leaf=0.0, presort=False, random_state=None,
            splitter='best')
[MIMIC] train AUC: 0.96183572, test AUC: 0.72484127, train F1: 0.50149003, test F1: 0.48267064, test Precision: 0.50851846, test Recall: 0.71484831
[EICU] test AUC: 0.54976096, test F1: 0.41657864, test Precision: 0.50191774, test Recall: 0.55531786
