5 fold CV -- 1/5
5 fold CV -- 2/5
5 fold CV -- 3/5
5 fold CV -- 4/5
5 fold CV -- 5/5
Current model: RF, current hyper-parameter: 8, current F1 score: 0.34478534; current sensitivity: 0.00962596
5 fold CV -- 1/5
5 fold CV -- 2/5
5 fold CV -- 3/5
5 fold CV -- 4/5
5 fold CV -- 5/5
Current model: RF, current hyper-parameter: 16, current F1 score: 0.34759292; current sensitivity: 0.01203317
5 fold CV -- 1/5
5 fold CV -- 2/5
5 fold CV -- 3/5
5 fold CV -- 4/5
5 fold CV -- 5/5
Current model: RF, current hyper-parameter: 32, current F1 score: 0.34516652; current sensitivity: 0.00972009
5 fold CV -- 1/5
5 fold CV -- 2/5
5 fold CV -- 3/5
5 fold CV -- 4/5
5 fold CV -- 5/5
Current model: RF, current hyper-parameter: 64, current F1 score: 0.34417296; current sensitivity: 0.00880592
5 fold CV -- 1/5
5 fold CV -- 2/5
5 fold CV -- 3/5
5 fold CV -- 4/5
5 fold CV -- 5/5
Current model: RF, current hyper-parameter: 128, current F1 score: 0.34253534; current sensitivity: 0.00730993
5 fold CV -- 1/5
5 fold CV -- 2/5
5 fold CV -- 3/5
5 fold CV -- 4/5
5 fold CV -- 5/5
Current model: RF, current hyper-parameter: 256, current F1 score: 0.34400493; current sensitivity: 0.00863848
Best hyper-parameter: 16
Model:
RandomForestClassifier(bootstrap=True, ccp_alpha=0.0,
                       class_weight={0: 5.572023981991218e-06,
                                     1: 5.572023981991218e-06},
                       criterion='gini', max_depth=None, max_features='auto',
                       max_leaf_nodes=None, max_samples=None,
                       min_impurity_decrease=0.0, min_impurity_split=None,
                       min_samples_leaf=1, min_samples_split=2,
                       min_weight_fraction_leaf=0.0, n_estimators=16,
                       n_jobs=None, oob_score=False, random_state=None,
                       verbose=0, warm_start=False)
[MIMIC] train AUC: 1.00000000, test AUC: 0.69851458, train F1: 1.00000000, test F1: 0.34502131, test Precision: 0.71360139, test Recall: 0.50748220, sensitivity: 0.01612018, specificity: 0.99884422, PPV: 0.93622449, NPV: 0.49097830
[EICU] test AUC: 0.51483655, test F1: 0.49474273, test Precision: 0.48960808, test Recall: 0.49998622
