5 fold CV -- 1/5
5 fold CV -- 2/5
5 fold CV -- 3/5
5 fold CV -- 4/5
5 fold CV -- 5/5
Current model: AdaBoost, current hyper-parameter: 8, current F1 score: 0.75968262; current sensitivity: 0.74690399
5 fold CV -- 1/5
5 fold CV -- 2/5
5 fold CV -- 3/5
5 fold CV -- 4/5
5 fold CV -- 5/5
Current model: AdaBoost, current hyper-parameter: 16, current F1 score: 0.71589357; current sensitivity: 0.62157744
5 fold CV -- 1/5
5 fold CV -- 2/5
5 fold CV -- 3/5
5 fold CV -- 4/5
5 fold CV -- 5/5
Current model: AdaBoost, current hyper-parameter: 32, current F1 score: 0.62619157; current sensitivity: 0.44781498
5 fold CV -- 1/5
5 fold CV -- 2/5
5 fold CV -- 3/5
5 fold CV -- 4/5
5 fold CV -- 5/5
Current model: AdaBoost, current hyper-parameter: 64, current F1 score: 0.58364719; current sensitivity: 0.33257558
5 fold CV -- 1/5
5 fold CV -- 2/5
5 fold CV -- 3/5
5 fold CV -- 4/5
5 fold CV -- 5/5
Current model: AdaBoost, current hyper-parameter: 128, current F1 score: 0.49085067; current sensitivity: 0.17581559
5 fold CV -- 1/5
5 fold CV -- 2/5
5 fold CV -- 3/5
5 fold CV -- 4/5
5 fold CV -- 5/5
Current model: AdaBoost, current hyper-parameter: 256, current F1 score: 0.38921344; current sensitivity: 0.05498764
Best hyper-parameter: 8
Model:
AdaBoostClassifier(algorithm='SAMME.R',
                   base_estimator=DecisionTreeClassifier(ccp_alpha=0.0,
                                                         class_weight=None,
                                                         criterion='gini',
                                                         max_depth=1,
                                                         max_features=None,
                                                         max_leaf_nodes=None,
                                                         min_impurity_decrease=0.0,
                                                         min_impurity_split=None,
                                                         min_samples_leaf=1,
                                                         min_samples_split=2,
                                                         min_weight_fraction_leaf=0.0,
                                                         presort='deprecated',
                                                         random_state=None,
                                                         splitter='best'),
                   learning_rate=1.0, n_estimators=8, random_state=None)
[MIMIC] train AUC: 0.93303557, test AUC: 0.85091458, train F1: 0.87421167, test F1: 0.69670071, test Precision: 0.71020265, test Recall: 0.70218049, sensitivity: 0.59671709, specificity: 0.80764390, PPV: 0.76791385, NPV: 0.65249145
