5 fold CV -- 1/5
5 fold CV -- 2/5
5 fold CV -- 3/5
5 fold CV -- 4/5
5 fold CV -- 5/5
Current model: logit_l2, current hyper-parameter: 0.5, current F1 score: 0.57824763; current sensitivity: 0.35127548
5 fold CV -- 1/5
5 fold CV -- 2/5
5 fold CV -- 3/5
5 fold CV -- 4/5
5 fold CV -- 5/5
Current model: logit_l2, current hyper-parameter: 1, current F1 score: 0.57845250; current sensitivity: 0.35127548
5 fold CV -- 1/5
5 fold CV -- 2/5
5 fold CV -- 3/5
5 fold CV -- 4/5
5 fold CV -- 5/5
Current model: logit_l2, current hyper-parameter: 1.5, current F1 score: 0.57862724; current sensitivity: 0.35127548
5 fold CV -- 1/5
5 fold CV -- 2/5
5 fold CV -- 3/5
5 fold CV -- 4/5
5 fold CV -- 5/5
Current model: logit_l2, current hyper-parameter: 2, current F1 score: 0.57866766; current sensitivity: 0.35127548
5 fold CV -- 1/5
5 fold CV -- 2/5
5 fold CV -- 3/5
5 fold CV -- 4/5
5 fold CV -- 5/5
Current model: logit_l2, current hyper-parameter: 2.5, current F1 score: 0.57878239; current sensitivity: 0.35127548
5 fold CV -- 1/5
5 fold CV -- 2/5
5 fold CV -- 3/5
5 fold CV -- 4/5
5 fold CV -- 5/5
Current model: logit_l2, current hyper-parameter: 3, current F1 score: 0.57872503; current sensitivity: 0.35127548
Best hyper-parameter: 2.5
Model:
LogisticRegression(C=2.5, class_weight=None, dual=False, fit_intercept=True,
                   intercept_scaling=1, l1_ratio=None, max_iter=100,
                   multi_class='auto', n_jobs=-1, penalty='l2',
                   random_state=None, solver='saga', tol=0.0001, verbose=0,
                   warm_start=False)
[MIMIC] train AUC: 0.95713267, test AUC: 0.76868987, train F1: 0.94225482, test F1: 0.61336328, test Precision: 0.65360702, test Recall: 0.63173132, sensitivity: 0.43754539, specificity: 0.82591725, PPV: 0.72986069, NPV: 0.57735334
