5 fold CV -- 1/5
5 fold CV -- 2/5
5 fold CV -- 3/5
5 fold CV -- 4/5
5 fold CV -- 5/5
Current model: logit_l1, current hyper-parameter: 0.5, current F1 score: 0.73726183; current sensitivity: 0.73276209
5 fold CV -- 1/5
5 fold CV -- 2/5
5 fold CV -- 3/5
5 fold CV -- 4/5
5 fold CV -- 5/5
Current model: logit_l1, current hyper-parameter: 1, current F1 score: 0.73646511; current sensitivity: 0.73086611
5 fold CV -- 1/5
5 fold CV -- 2/5
5 fold CV -- 3/5
5 fold CV -- 4/5
5 fold CV -- 5/5
Current model: logit_l1, current hyper-parameter: 1.5, current F1 score: 0.73579274; current sensitivity: 0.72926906
5 fold CV -- 1/5
5 fold CV -- 2/5
5 fold CV -- 3/5
5 fold CV -- 4/5
5 fold CV -- 5/5
Current model: logit_l1, current hyper-parameter: 2, current F1 score: 0.73405384; current sensitivity: 0.72580779
5 fold CV -- 1/5
5 fold CV -- 2/5
5 fold CV -- 3/5
5 fold CV -- 4/5
5 fold CV -- 5/5
Current model: logit_l1, current hyper-parameter: 2.5, current F1 score: 0.73411759; current sensitivity: 0.72580779
5 fold CV -- 1/5
5 fold CV -- 2/5
5 fold CV -- 3/5
5 fold CV -- 4/5
5 fold CV -- 5/5
Current model: logit_l1, current hyper-parameter: 3, current F1 score: 0.73412958; current sensitivity: 0.72580779
Best hyper-parameter: 0.5
Model:
LogisticRegression(C=0.5, class_weight=None, dual=False, fit_intercept=True,
                   intercept_scaling=1, l1_ratio=None, max_iter=100,
                   multi_class='auto', n_jobs=-1, penalty='l1',
                   random_state=None, solver='saga', tol=0.0001, verbose=0,
                   warm_start=False)
[MIMIC] train AUC: 0.87673122, test AUC: 0.81788599, train F1: 0.79152881, test F1: 0.73469757, test Precision: 0.73481893, test Recall: 0.73463741, sensitivity: 0.74732396, specificity: 0.72195085, PPV: 0.73802675, NPV: 0.73161111
