5 fold CV -- 1/5
5 fold CV -- 2/5
5 fold CV -- 3/5
5 fold CV -- 4/5
5 fold CV -- 5/5
Current model: NN_l2, current hyper-parameter: 16, current F1 score: 0.50015901; current sensitivity: 0.20631257
5 fold CV -- 1/5
5 fold CV -- 2/5
5 fold CV -- 3/5
5 fold CV -- 4/5
5 fold CV -- 5/5
Current model: NN_l2, current hyper-parameter: 32, current F1 score: 0.47050089; current sensitivity: 0.16218920
5 fold CV -- 1/5
5 fold CV -- 2/5
5 fold CV -- 3/5
5 fold CV -- 4/5
5 fold CV -- 5/5
Current model: NN_l2, current hyper-parameter: 64, current F1 score: 0.46668495; current sensitivity: 0.16068198
5 fold CV -- 1/5
5 fold CV -- 2/5
5 fold CV -- 3/5
5 fold CV -- 4/5
5 fold CV -- 5/5
Current model: NN_l2, current hyper-parameter: 128, current F1 score: 0.49090929; current sensitivity: 0.18731381
Best hyper-parameter: 16
Model:
MLPClassifier(activation='relu', alpha=1e-05, batch_size='auto', beta_1=0.9,
              beta_2=0.999, early_stopping=False, epsilon=1e-08,
              hidden_layer_sizes=16, learning_rate='constant',
              learning_rate_init=0.001, max_fun=15000, max_iter=2000,
              momentum=0.9, n_iter_no_change=10, nesterovs_momentum=True,
              power_t=0.5, random_state=1, shuffle=True, solver='adam',
              tol=0.0001, validation_fraction=0.1, verbose=False,
              warm_start=False)
[MIMIC] train AUC: 0.98360053, test AUC: 0.67493226, train F1: 0.97087819, test F1: 0.49019176, test Precision: 0.61174740, test Recall: 0.55766307, sensitivity: 0.20775600, specificity: 0.90757014, PPV: 0.70571949, NPV: 0.51777531
[EICU] test AUC: 0.54801234, test F1: 0.47980267, test Precision: 0.50368701, test Recall: 0.52281763
