Current model: DT, current hyper-parameter: 1, current F1 score: 0.34992956
Current model: DT, current hyper-parameter: 2, current F1 score: 0.37857426
Current model: DT, current hyper-parameter: 3, current F1 score: 0.44107480
Current model: DT, current hyper-parameter: 4, current F1 score: 0.43218142
Current model: DT, current hyper-parameter: 5, current F1 score: 0.42689952
Current model: DT, current hyper-parameter: 6, current F1 score: 0.44568526
Current model: DT, current hyper-parameter: 7, current F1 score: 0.46359702
Current model: DT, current hyper-parameter: 8, current F1 score: 0.47197189
Current model: DT, current hyper-parameter: 9, current F1 score: 0.47516997
Current model: DT, current hyper-parameter: 10, current F1 score: 0.48109466
Best hyper-parameter: 10
Model:
DecisionTreeClassifier(class_weight={0: 243, 1: 49742}, criterion='gini',
            max_depth=10, max_features=None, max_leaf_nodes=None,
            min_impurity_decrease=0.0, min_impurity_split=None,
            min_samples_leaf=1, min_samples_split=2,
            min_weight_fraction_leaf=0.0, presort=False, random_state=None,
            splitter='best')
[MIMIC] train AUC: 0.95677351, test AUC: 0.71569632, train F1: 0.51019981, test F1: 0.46689837, test Precision: 0.50639774, test Recall: 0.70441365
[EICU] test AUC: 0.63409033, test F1: 0.42414511, test Precision: 0.50572176, test Recall: 0.61764724
