5 fold CV -- 1/5
5 fold CV -- 2/5
5 fold CV -- 3/5
5 fold CV -- 4/5
5 fold CV -- 5/5
Current model: AdaBoost, current hyper-parameter: 8, current F1 score: 0.73114547; current sensitivity: 0.80039852
5 fold CV -- 1/5
5 fold CV -- 2/5
5 fold CV -- 3/5
5 fold CV -- 4/5
5 fold CV -- 5/5
Current model: AdaBoost, current hyper-parameter: 16, current F1 score: 0.73800819; current sensitivity: 0.77288292
5 fold CV -- 1/5
5 fold CV -- 2/5
5 fold CV -- 3/5
5 fold CV -- 4/5
5 fold CV -- 5/5
Current model: AdaBoost, current hyper-parameter: 32, current F1 score: 0.71958070; current sensitivity: 0.69586533
5 fold CV -- 1/5
5 fold CV -- 2/5
5 fold CV -- 3/5
5 fold CV -- 4/5
5 fold CV -- 5/5
Current model: AdaBoost, current hyper-parameter: 64, current F1 score: 0.67135312; current sensitivity: 0.56978068
5 fold CV -- 1/5
5 fold CV -- 2/5
5 fold CV -- 3/5
5 fold CV -- 4/5
5 fold CV -- 5/5
Current model: AdaBoost, current hyper-parameter: 128, current F1 score: 0.63532908; current sensitivity: 0.46780011
5 fold CV -- 1/5
5 fold CV -- 2/5
5 fold CV -- 3/5
5 fold CV -- 4/5
5 fold CV -- 5/5
Current model: AdaBoost, current hyper-parameter: 256, current F1 score: 0.58872712; current sensitivity: 0.36271199
Best hyper-parameter: 16
Model:
AdaBoostClassifier(algorithm='SAMME.R',
                   base_estimator=DecisionTreeClassifier(ccp_alpha=0.0,
                                                         class_weight=None,
                                                         criterion='gini',
                                                         max_depth=1,
                                                         max_features=None,
                                                         max_leaf_nodes=None,
                                                         min_impurity_decrease=0.0,
                                                         min_impurity_split=None,
                                                         min_samples_leaf=1,
                                                         min_samples_split=2,
                                                         min_weight_fraction_leaf=0.0,
                                                         presort='deprecated',
                                                         random_state=None,
                                                         splitter='best'),
                   learning_rate=1.0, n_estimators=16, random_state=None)
[MIMIC] train AUC: 0.87116072, test AUC: 0.83612825, train F1: 0.79588377, test F1: 0.75326897, test Precision: 0.75454766, test Recall: 0.75887758, sensitivity: 0.79482263, specificity: 0.72293253, PPV: 0.68859540, NPV: 0.82049992
