5 fold CV -- 1/5
5 fold CV -- 2/5
5 fold CV -- 3/5
5 fold CV -- 4/5
5 fold CV -- 5/5
Current model: logit_l2, current hyper-parameter: 0.5, current F1 score: 0.66611028; current sensitivity: 0.72817424
5 fold CV -- 1/5
5 fold CV -- 2/5
5 fold CV -- 3/5
5 fold CV -- 4/5
5 fold CV -- 5/5
Current model: logit_l2, current hyper-parameter: 1, current F1 score: 0.66611045; current sensitivity: 0.72817424
5 fold CV -- 1/5
5 fold CV -- 2/5
5 fold CV -- 3/5
5 fold CV -- 4/5
5 fold CV -- 5/5
Current model: logit_l2, current hyper-parameter: 1.5, current F1 score: 0.66610462; current sensitivity: 0.72817424
5 fold CV -- 1/5
5 fold CV -- 2/5
5 fold CV -- 3/5
5 fold CV -- 4/5
5 fold CV -- 5/5
Current model: logit_l2, current hyper-parameter: 2, current F1 score: 0.66611971; current sensitivity: 0.72817424
5 fold CV -- 1/5
5 fold CV -- 2/5
5 fold CV -- 3/5
5 fold CV -- 4/5
5 fold CV -- 5/5
Current model: logit_l2, current hyper-parameter: 2.5, current F1 score: 0.66609852; current sensitivity: 0.72817424
5 fold CV -- 1/5
5 fold CV -- 2/5
5 fold CV -- 3/5
5 fold CV -- 4/5
5 fold CV -- 5/5
Current model: logit_l2, current hyper-parameter: 3, current F1 score: 0.66609482; current sensitivity: 0.72817424
Best hyper-parameter: 2
Model:
LogisticRegression(C=2,
                   class_weight={0: 4.514346593474061e-06,
                                 1: 4.514346593474061e-06},
                   dual=False, fit_intercept=True, intercept_scaling=1,
                   l1_ratio=None, max_iter=100, multi_class='auto', n_jobs=-1,
                   penalty='l2', random_state=None, solver='saga', tol=0.0001,
                   verbose=0, warm_start=False)
[MIMIC] train AUC: 0.75036950, test AUC: 0.75787961, train F1: 0.67327667, test F1: 0.67958559, test Precision: 0.68492531, test Recall: 0.68044972, sensitivity: 0.75483997, specificity: 0.60605948, PPV: 0.66765639, NPV: 0.70219422
[EICU] test AUC: 0.59138550, test F1: 0.35666962, test Precision: 0.50456058, test Recall: 0.56879939
