Current model: DT, current hyper-parameter: 1, current F1 score: 0.36672924
Current model: DT, current hyper-parameter: 2, current F1 score: 0.41943133
Current model: DT, current hyper-parameter: 3, current F1 score: 0.41723690
Current model: DT, current hyper-parameter: 4, current F1 score: 0.43363476
Current model: DT, current hyper-parameter: 5, current F1 score: 0.43875348
Current model: DT, current hyper-parameter: 6, current F1 score: 0.45870020
Current model: DT, current hyper-parameter: 7, current F1 score: 0.46612256
Current model: DT, current hyper-parameter: 8, current F1 score: 0.47786818
Current model: DT, current hyper-parameter: 9, current F1 score: 0.48293103
Current model: DT, current hyper-parameter: 10, current F1 score: 0.48765081
Best hyper-parameter: 10
Model:
DecisionTreeClassifier(class_weight={0: 243, 1: 46538}, criterion='gini',
            max_depth=10, max_features=None, max_leaf_nodes=None,
            min_impurity_decrease=0.0, min_impurity_split=None,
            min_samples_leaf=1, min_samples_split=2,
            min_weight_fraction_leaf=0.0, presort=False, random_state=None,
            splitter='best')
[MIMIC] train AUC: 0.96773490, test AUC: 0.69563809, train F1: 0.52852876, test F1: 0.48419488, test Precision: 0.50856202, test Recall: 0.69945019
[EICU] test AUC: 0.57173347, test F1: 0.44400984, test Precision: 0.50593679, test Recall: 0.59698184
