5 fold CV -- 1/5
5 fold CV -- 2/5
5 fold CV -- 3/5
5 fold CV -- 4/5
5 fold CV -- 5/5
Current model: RF, current hyper-parameter: 8, current F1 score: 0.34437328; current sensitivity: 0.00826521
5 fold CV -- 1/5
5 fold CV -- 2/5
5 fold CV -- 3/5
5 fold CV -- 4/5
5 fold CV -- 5/5
Current model: RF, current hyper-parameter: 16, current F1 score: 0.34722475; current sensitivity: 0.01082946
5 fold CV -- 1/5
5 fold CV -- 2/5
5 fold CV -- 3/5
5 fold CV -- 4/5
5 fold CV -- 5/5
Current model: RF, current hyper-parameter: 32, current F1 score: 0.34558409; current sensitivity: 0.00921236
5 fold CV -- 1/5
5 fold CV -- 2/5
5 fold CV -- 3/5
5 fold CV -- 4/5
5 fold CV -- 5/5
Current model: RF, current hyper-parameter: 64, current F1 score: 0.34593705; current sensitivity: 0.00948148
5 fold CV -- 1/5
5 fold CV -- 2/5
5 fold CV -- 3/5
5 fold CV -- 4/5
5 fold CV -- 5/5
Current model: RF, current hyper-parameter: 128, current F1 score: 0.34653056; current sensitivity: 0.01009264
5 fold CV -- 1/5
5 fold CV -- 2/5
5 fold CV -- 3/5
5 fold CV -- 4/5
5 fold CV -- 5/5
Current model: RF, current hyper-parameter: 256, current F1 score: 0.34498026; current sensitivity: 0.00864749
Best hyper-parameter: 16
Model:
RandomForestClassifier(bootstrap=True, ccp_alpha=0.0,
                       class_weight={0: 6.947677044180278e-06,
                                     1: 6.947677044180278e-06},
                       criterion='gini', max_depth=None, max_features='auto',
                       max_leaf_nodes=None, max_samples=None,
                       min_impurity_decrease=0.0, min_impurity_split=None,
                       min_samples_leaf=1, min_samples_split=2,
                       min_weight_fraction_leaf=0.0, n_estimators=16,
                       n_jobs=None, oob_score=False, random_state=None,
                       verbose=0, warm_start=False)
[MIMIC] train AUC: 1.00000000, test AUC: 0.65349992, train F1: 1.00000000, test F1: 0.33390978, test Precision: 0.60766172, test Recall: 0.50231389, sensitivity: 0.00763654, specificity: 0.99699124, PPV: 0.73015873, NPV: 0.48516472
[EICU] test AUC: 0.49227020, test F1: 0.49554745, test Precision: 0.49117351, test Recall: 0.50000000
