Current model: DT, current hyper-parameter: 1, current F1 score: 0.35951501
Current model: DT, current hyper-parameter: 2, current F1 score: 0.42689483
Current model: DT, current hyper-parameter: 3, current F1 score: 0.40754041
Current model: DT, current hyper-parameter: 4, current F1 score: 0.42897223
Current model: DT, current hyper-parameter: 5, current F1 score: 0.42344064
Current model: DT, current hyper-parameter: 6, current F1 score: 0.44537335
Current model: DT, current hyper-parameter: 7, current F1 score: 0.44638109
Current model: DT, current hyper-parameter: 8, current F1 score: 0.45399450
Current model: DT, current hyper-parameter: 9, current F1 score: 0.46026460
Current model: DT, current hyper-parameter: 10, current F1 score: 0.46191348
Best hyper-parameter: 10
Model:
DecisionTreeClassifier(class_weight={0: 243, 1: 47873}, criterion='gini',
                       max_depth=10, max_features=None, max_leaf_nodes=None,
                       min_impurity_decrease=0.0, min_impurity_split=None,
                       min_samples_leaf=1, min_samples_split=2,
                       min_weight_fraction_leaf=0.0, presort=False,
                       random_state=None, splitter='best')
[MIMIC] train AUC: 0.95871478, test AUC: 0.72068125, train F1: 0.50239618, test F1: 0.45758997, test Precision: 0.50583700, test Recall: 0.69981832
[EICU] test AUC: 0.59941777, test F1: 0.39247496, test Precision: 0.50264264, test Recall: 0.55601093
