5 fold CV -- 1/5
5 fold CV -- 2/5
5 fold CV -- 3/5
5 fold CV -- 4/5
5 fold CV -- 5/5
Current model: logit_l2, current hyper-parameter: 0.5, current F1 score: 0.68637663; current sensitivity: 0.69896315
5 fold CV -- 1/5
5 fold CV -- 2/5
5 fold CV -- 3/5
5 fold CV -- 4/5
5 fold CV -- 5/5
Current model: logit_l2, current hyper-parameter: 1, current F1 score: 0.68639643; current sensitivity: 0.69896315
5 fold CV -- 1/5
5 fold CV -- 2/5
5 fold CV -- 3/5
5 fold CV -- 4/5
5 fold CV -- 5/5
Current model: logit_l2, current hyper-parameter: 1.5, current F1 score: 0.68640073; current sensitivity: 0.69896315
5 fold CV -- 1/5
5 fold CV -- 2/5
5 fold CV -- 3/5
5 fold CV -- 4/5
5 fold CV -- 5/5
Current model: logit_l2, current hyper-parameter: 2, current F1 score: 0.68638777; current sensitivity: 0.69896315
5 fold CV -- 1/5
5 fold CV -- 2/5
5 fold CV -- 3/5
5 fold CV -- 4/5
5 fold CV -- 5/5
Current model: logit_l2, current hyper-parameter: 2.5, current F1 score: 0.68639635; current sensitivity: 0.69896315
5 fold CV -- 1/5
5 fold CV -- 2/5
5 fold CV -- 3/5
5 fold CV -- 4/5
5 fold CV -- 5/5
Current model: logit_l2, current hyper-parameter: 3, current F1 score: 0.68640532; current sensitivity: 0.69896315
Best hyper-parameter: 3
Model:
LogisticRegression(C=3,
                   class_weight={0: 6.947677044180278e-06,
                                 1: 6.947677044180278e-06},
                   dual=False, fit_intercept=True, intercept_scaling=1,
                   l1_ratio=None, max_iter=100, multi_class='auto', n_jobs=-1,
                   penalty='l2', random_state=None, solver='saga', tol=0.0001,
                   verbose=0, warm_start=False)
[MIMIC] train AUC: 0.77658521, test AUC: 0.75875981, train F1: 0.69558273, test F1: 0.68773002, test Precision: 0.68797089, test Recall: 0.68763873, sensitivity: 0.70804051, specificity: 0.66723695, PPV: 0.69404139, NPV: 0.68190040
[EICU] test AUC: 0.58485875, test F1: 0.43797719, test Precision: 0.50403323, test Recall: 0.54704891
