5 fold CV -- 1/5
5 fold CV -- 2/5
5 fold CV -- 3/5
5 fold CV -- 4/5
5 fold CV -- 5/5
Current model: NN_l2, current hyper-parameter: 16, current F1 score: 0.46121596; current sensitivity: 0.14545775
5 fold CV -- 1/5
5 fold CV -- 2/5
5 fold CV -- 3/5
5 fold CV -- 4/5
5 fold CV -- 5/5
Current model: NN_l2, current hyper-parameter: 32, current F1 score: 0.48139733; current sensitivity: 0.17303037
5 fold CV -- 1/5
5 fold CV -- 2/5
5 fold CV -- 3/5
5 fold CV -- 4/5
5 fold CV -- 5/5
Current model: NN_l2, current hyper-parameter: 64, current F1 score: 0.50186401; current sensitivity: 0.21353699
5 fold CV -- 1/5
5 fold CV -- 2/5
5 fold CV -- 3/5
5 fold CV -- 4/5
5 fold CV -- 5/5
Current model: NN_l2, current hyper-parameter: 128, current F1 score: 0.48225864; current sensitivity: 0.17630088
Best hyper-parameter: 64
Model:
MLPClassifier(activation='relu', alpha=1e-05, batch_size='auto', beta_1=0.9,
              beta_2=0.999, early_stopping=False, epsilon=1e-08,
              hidden_layer_sizes=64, learning_rate='constant',
              learning_rate_init=0.001, max_fun=15000, max_iter=2000,
              momentum=0.9, n_iter_no_change=10, nesterovs_momentum=True,
              power_t=0.5, random_state=1, shuffle=True, solver='adam',
              tol=0.0001, validation_fraction=0.1, verbose=False,
              warm_start=False)
[MIMIC] train AUC: 1.00000000, test AUC: 0.70688411, train F1: 1.00000000, test F1: 0.49642838, test Precision: 0.65770101, test Recall: 0.57073598, sensitivity: 0.19752707, specificity: 0.94394489, PPV: 0.78763464, NPV: 0.52776737
[EICU] test AUC: 0.50843907, test F1: 0.48819453, test Precision: 0.50065045, test Recall: 0.50277041
