5 fold CV -- 1/5
5 fold CV -- 2/5
5 fold CV -- 3/5
5 fold CV -- 4/5
5 fold CV -- 5/5
Current model: AdaBoost, current hyper-parameter: 8, current F1 score: 0.68884934; current sensitivity: 0.76255950
5 fold CV -- 1/5
5 fold CV -- 2/5
5 fold CV -- 3/5
5 fold CV -- 4/5
5 fold CV -- 5/5
Current model: AdaBoost, current hyper-parameter: 16, current F1 score: 0.70093951; current sensitivity: 0.76069925
5 fold CV -- 1/5
5 fold CV -- 2/5
5 fold CV -- 3/5
5 fold CV -- 4/5
5 fold CV -- 5/5
Current model: AdaBoost, current hyper-parameter: 32, current F1 score: 0.70125194; current sensitivity: 0.73071070
5 fold CV -- 1/5
5 fold CV -- 2/5
5 fold CV -- 3/5
5 fold CV -- 4/5
5 fold CV -- 5/5
Current model: AdaBoost, current hyper-parameter: 64, current F1 score: 0.69205875; current sensitivity: 0.68507501
5 fold CV -- 1/5
5 fold CV -- 2/5
5 fold CV -- 3/5
5 fold CV -- 4/5
5 fold CV -- 5/5
Current model: AdaBoost, current hyper-parameter: 128, current F1 score: 0.68218278; current sensitivity: 0.63660652
5 fold CV -- 1/5
5 fold CV -- 2/5
5 fold CV -- 3/5
5 fold CV -- 4/5
5 fold CV -- 5/5
Current model: AdaBoost, current hyper-parameter: 256, current F1 score: 0.67554549; current sensitivity: 0.58904693
Best hyper-parameter: 32
Model:
AdaBoostClassifier(algorithm='SAMME.R',
                   base_estimator=DecisionTreeClassifier(ccp_alpha=0.0,
                                                         class_weight={0: 5.572023981991218e-06,
                                                                       1: 5.572023981991218e-06},
                                                         criterion='gini',
                                                         max_depth=1,
                                                         max_features=None,
                                                         max_leaf_nodes=None,
                                                         min_impurity_decrease=0.0,
                                                         min_impurity_split=None,
                                                         min_samples_leaf=1,
                                                         min_samples_split=2,
                                                         min_weight_fraction_leaf=0.0,
                                                         presort='deprecated',
                                                         random_state=None,
                                                         splitter='best'),
                   learning_rate=1.0, n_estimators=32, random_state=None)
[MIMIC] train AUC: 0.82331102, test AUC: 0.79302653, train F1: 0.73895205, test F1: 0.72198666, test Precision: 0.72664090, test Recall: 0.72226036, sensitivity: 0.78723124, specificity: 0.65728948, PPV: 0.70740660, NPV: 0.74587519
[EICU] test AUC: 0.59032061, test F1: 0.49646321, test Precision: 0.50619311, test Recall: 0.52689445
