Current model: DT, current hyper-parameter: 1, current F1 score: 0.33577147
Current model: DT, current hyper-parameter: 2, current F1 score: 0.31680491
Current model: DT, current hyper-parameter: 3, current F1 score: 0.44849618
Current model: DT, current hyper-parameter: 4, current F1 score: 0.36680944
Current model: DT, current hyper-parameter: 5, current F1 score: 0.40691127
Current model: DT, current hyper-parameter: 6, current F1 score: 0.41784923
Current model: DT, current hyper-parameter: 7, current F1 score: 0.42815473
Current model: DT, current hyper-parameter: 8, current F1 score: 0.43226018
Current model: DT, current hyper-parameter: 9, current F1 score: 0.43528796
Current model: DT, current hyper-parameter: 10, current F1 score: 0.44570243
Best hyper-parameter: 3
Model:
DecisionTreeClassifier(class_weight={0: 240, 1: 46271}, criterion='gini',
            max_depth=3, max_features=None, max_leaf_nodes=None,
            min_impurity_decrease=0.0, min_impurity_split=None,
            min_samples_leaf=1, min_samples_split=2,
            min_weight_fraction_leaf=0.0, presort=False, random_state=None,
            splitter='best')
[MIMIC] train AUC: 0.85917293, test AUC: 0.86776409, train F1: 0.43298960, test F1: 0.45065117, test Precision: 0.50936617, test Recall: 0.80480910
[EICU] test AUC: 0.59118674, test F1: 0.32156821, test Precision: 0.50413299, test Recall: 0.58749415
