5 fold CV -- 1/5
5 fold CV -- 2/5
5 fold CV -- 3/5
5 fold CV -- 4/5
5 fold CV -- 5/5
Current model: DT, current hyper-parameter: 1, current F1 score: 0.75679307; current sensitivity: 0.95476027
5 fold CV -- 1/5
5 fold CV -- 2/5
5 fold CV -- 3/5
5 fold CV -- 4/5
5 fold CV -- 5/5
Current model: DT, current hyper-parameter: 2, current F1 score: 0.74599056; current sensitivity: 0.78100881
5 fold CV -- 1/5
5 fold CV -- 2/5
5 fold CV -- 3/5
5 fold CV -- 4/5
5 fold CV -- 5/5
Current model: DT, current hyper-parameter: 3, current F1 score: 0.77445370; current sensitivity: 0.84201159
5 fold CV -- 1/5
5 fold CV -- 2/5
5 fold CV -- 3/5
5 fold CV -- 4/5
5 fold CV -- 5/5
Current model: DT, current hyper-parameter: 4, current F1 score: 0.70705286; current sensitivity: 0.66393683
5 fold CV -- 1/5
5 fold CV -- 2/5
5 fold CV -- 3/5
5 fold CV -- 4/5
5 fold CV -- 5/5
Current model: DT, current hyper-parameter: 5, current F1 score: 0.68025911; current sensitivity: 0.59776868
5 fold CV -- 1/5
5 fold CV -- 2/5
5 fold CV -- 3/5
5 fold CV -- 4/5
5 fold CV -- 5/5
Current model: DT, current hyper-parameter: 6, current F1 score: 0.68101969; current sensitivity: 0.57873555
5 fold CV -- 1/5
5 fold CV -- 2/5
5 fold CV -- 3/5
5 fold CV -- 4/5
5 fold CV -- 5/5
Current model: DT, current hyper-parameter: 7, current F1 score: 0.64619918; current sensitivity: 0.50119107
5 fold CV -- 1/5
5 fold CV -- 2/5
5 fold CV -- 3/5
5 fold CV -- 4/5
5 fold CV -- 5/5
Current model: DT, current hyper-parameter: 8, current F1 score: 0.61670897; current sensitivity: 0.44172019
5 fold CV -- 1/5
5 fold CV -- 2/5
5 fold CV -- 3/5
5 fold CV -- 4/5
5 fold CV -- 5/5
Current model: DT, current hyper-parameter: 9, current F1 score: 0.60393329; current sensitivity: 0.40797178
5 fold CV -- 1/5
5 fold CV -- 2/5
5 fold CV -- 3/5
5 fold CV -- 4/5
5 fold CV -- 5/5
Current model: DT, current hyper-parameter: 10, current F1 score: 0.60152129; current sensitivity: 0.39877638
5 fold CV -- 1/5
5 fold CV -- 2/5
5 fold CV -- 3/5
5 fold CV -- 4/5
5 fold CV -- 5/5
Current model: DT, current hyper-parameter: 11, current F1 score: 0.59280995; current sensitivity: 0.38147787
5 fold CV -- 1/5
5 fold CV -- 2/5
5 fold CV -- 3/5
5 fold CV -- 4/5
5 fold CV -- 5/5
Current model: DT, current hyper-parameter: 12, current F1 score: 0.58780952; current sensitivity: 0.37282785
5 fold CV -- 1/5
5 fold CV -- 2/5
5 fold CV -- 3/5
5 fold CV -- 4/5
5 fold CV -- 5/5
Current model: DT, current hyper-parameter: 13, current F1 score: 0.58150279; current sensitivity: 0.36064016
5 fold CV -- 1/5
5 fold CV -- 2/5
5 fold CV -- 3/5
5 fold CV -- 4/5
5 fold CV -- 5/5
Current model: DT, current hyper-parameter: 14, current F1 score: 0.55697320; current sensitivity: 0.32478440
5 fold CV -- 1/5
5 fold CV -- 2/5
5 fold CV -- 3/5
5 fold CV -- 4/5
5 fold CV -- 5/5
Current model: DT, current hyper-parameter: 15, current F1 score: 0.54752493; current sensitivity: 0.29803640
Best hyper-parameter: 3
Model:
DecisionTreeClassifier(ccp_alpha=0.0, class_weight=None, criterion='gini',
                       max_depth=3, max_features=None, max_leaf_nodes=None,
                       min_impurity_decrease=0.0, min_impurity_split=None,
                       min_samples_leaf=1, min_samples_split=2,
                       min_weight_fraction_leaf=0.0, presort='deprecated',
                       random_state=None, splitter='best')
[MIMIC] train AUC: 0.87128847, test AUC: 0.78053186, train F1: 0.85825980, test F1: 0.71984138, test Precision: 0.72144031, test Recall: 0.72099631, sensitivity: 0.68629975, specificity: 0.75569287, PPV: 0.74976559, NPV: 0.69311503
