5 fold CV -- 1/5
5 fold CV -- 2/5
5 fold CV -- 3/5
5 fold CV -- 4/5
5 fold CV -- 5/5
Current model: logit_l2, current hyper-parameter: 0.5, current F1 score: 0.67866684; current sensitivity: 0.74536187
5 fold CV -- 1/5
5 fold CV -- 2/5
5 fold CV -- 3/5
5 fold CV -- 4/5
5 fold CV -- 5/5
Current model: logit_l2, current hyper-parameter: 1, current F1 score: 0.67866328; current sensitivity: 0.74536187
5 fold CV -- 1/5
5 fold CV -- 2/5
5 fold CV -- 3/5
5 fold CV -- 4/5
5 fold CV -- 5/5
Current model: logit_l2, current hyper-parameter: 1.5, current F1 score: 0.67864241; current sensitivity: 0.74536187
5 fold CV -- 1/5
5 fold CV -- 2/5
5 fold CV -- 3/5
5 fold CV -- 4/5
5 fold CV -- 5/5
Current model: logit_l2, current hyper-parameter: 2, current F1 score: 0.67866166; current sensitivity: 0.74536187
5 fold CV -- 1/5
5 fold CV -- 2/5
5 fold CV -- 3/5
5 fold CV -- 4/5
5 fold CV -- 5/5
Current model: logit_l2, current hyper-parameter: 2.5, current F1 score: 0.67864757; current sensitivity: 0.74536187
5 fold CV -- 1/5
5 fold CV -- 2/5
5 fold CV -- 3/5
5 fold CV -- 4/5
5 fold CV -- 5/5
Current model: logit_l2, current hyper-parameter: 3, current F1 score: 0.67864374; current sensitivity: 0.74536187
Best hyper-parameter: 0.5
Model:
LogisticRegression(C=0.5,
                   class_weight={0: 5.572023981991218e-06,
                                 1: 5.572023981991218e-06},
                   dual=False, fit_intercept=True, intercept_scaling=1,
                   l1_ratio=None, max_iter=100, multi_class='auto', n_jobs=-1,
                   penalty='l2', random_state=None, solver='saga', tol=0.0001,
                   verbose=0, warm_start=False)
[MIMIC] train AUC: 0.75329316, test AUC: 0.74141382, train F1: 0.68271550, test F1: 0.66262681, test Precision: 0.66938152, test Recall: 0.66399744, sensitivity: 0.74982979, specificity: 0.57816509, PPV: 0.65167681, NPV: 0.68708623
[EICU] test AUC: 0.58884353, test F1: 0.45105094, test Precision: 0.50405917, test Recall: 0.53719162
