5 fold CV -- 1/5
5 fold CV -- 2/5
5 fold CV -- 3/5
5 fold CV -- 4/5
5 fold CV -- 5/5
Current model: logit_l1, current hyper-parameter: 0.5, current F1 score: 0.46742746; current sensitivity: 0.15584263
5 fold CV -- 1/5
5 fold CV -- 2/5
5 fold CV -- 3/5
5 fold CV -- 4/5
5 fold CV -- 5/5
Current model: logit_l1, current hyper-parameter: 1, current F1 score: 0.46830406; current sensitivity: 0.15584263
5 fold CV -- 1/5
5 fold CV -- 2/5
5 fold CV -- 3/5
5 fold CV -- 4/5
5 fold CV -- 5/5
Current model: logit_l1, current hyper-parameter: 1.5, current F1 score: 0.46841658; current sensitivity: 0.15584263
5 fold CV -- 1/5
5 fold CV -- 2/5
5 fold CV -- 3/5
5 fold CV -- 4/5
5 fold CV -- 5/5
Current model: logit_l1, current hyper-parameter: 2, current F1 score: 0.46846983; current sensitivity: 0.15584263
5 fold CV -- 1/5
5 fold CV -- 2/5
5 fold CV -- 3/5
5 fold CV -- 4/5
5 fold CV -- 5/5
Current model: logit_l1, current hyper-parameter: 2.5, current F1 score: 0.46828756; current sensitivity: 0.15584263
5 fold CV -- 1/5
5 fold CV -- 2/5
5 fold CV -- 3/5
5 fold CV -- 4/5
5 fold CV -- 5/5
Current model: logit_l1, current hyper-parameter: 3, current F1 score: 0.46816890; current sensitivity: 0.15584263
Best hyper-parameter: 2
Model:
LogisticRegression(C=2, class_weight=None, dual=False, fit_intercept=True,
                   intercept_scaling=1, l1_ratio=None, max_iter=100,
                   multi_class='auto', n_jobs=-1, penalty='l1',
                   random_state=None, solver='saga', tol=0.0001, verbose=0,
                   warm_start=False)
[MIMIC] train AUC: 0.99854008, test AUC: 0.80908674, train F1: 0.99176474, test F1: 0.44245586, test Precision: 0.67079272, test Recall: 0.56394799, sensitivity: 0.15540745, specificity: 0.97248854, PPV: 0.88601036, NPV: 0.45557508
