Current model: DT, current hyper-parameter: 1, current F1 score: 0.35706144
Current model: DT, current hyper-parameter: 2, current F1 score: 0.42656209
Current model: DT, current hyper-parameter: 3, current F1 score: 0.41258616
Current model: DT, current hyper-parameter: 4, current F1 score: 0.42867914
Current model: DT, current hyper-parameter: 5, current F1 score: 0.45661691
Current model: DT, current hyper-parameter: 6, current F1 score: 0.45783548
Current model: DT, current hyper-parameter: 7, current F1 score: 0.46160465
Current model: DT, current hyper-parameter: 8, current F1 score: 0.46422026
Current model: DT, current hyper-parameter: 9, current F1 score: 0.47061298
Current model: DT, current hyper-parameter: 10, current F1 score: 0.47768055
Best hyper-parameter: 10
Model:
DecisionTreeClassifier(class_weight={0: 944, 1: 84699}, criterion='gini',
            max_depth=10, max_features=None, max_leaf_nodes=None,
            min_impurity_decrease=0.0, min_impurity_split=None,
            min_samples_leaf=1, min_samples_split=2,
            min_weight_fraction_leaf=0.0, presort=False, random_state=None,
            splitter='best')
[MIMIC] train AUC: 0.92866243, test AUC: 0.78790213, train F1: 0.49901529, test F1: 0.47510489, test Precision: 0.51615603, test Recall: 0.77187503
[EICU] test AUC: 0.63144217, test F1: 0.40796129, test Precision: 0.50823074, test Recall: 0.63361322
