Current model: DT, current hyper-parameter: 1, current F1 score: 0.39889912
Current model: DT, current hyper-parameter: 2, current F1 score: 0.39889912
Current model: DT, current hyper-parameter: 3, current F1 score: 0.44960139
Current model: DT, current hyper-parameter: 4, current F1 score: 0.45775255
Current model: DT, current hyper-parameter: 5, current F1 score: 0.46036014
Current model: DT, current hyper-parameter: 6, current F1 score: 0.48290851
Current model: DT, current hyper-parameter: 7, current F1 score: 0.48445431
Current model: DT, current hyper-parameter: 8, current F1 score: 0.48864160
Current model: DT, current hyper-parameter: 9, current F1 score: 0.48853435
Current model: DT, current hyper-parameter: 10, current F1 score: 0.48823864
Best hyper-parameter: 8
Model:
DecisionTreeClassifier(class_weight={0: 171, 1: 43439}, criterion='gini',
            max_depth=8, max_features=None, max_leaf_nodes=None,
            min_impurity_decrease=0.0, min_impurity_split=None,
            min_samples_leaf=1, min_samples_split=2,
            min_weight_fraction_leaf=0.0, presort=False, random_state=None,
            splitter='best')
[MIMIC] train AUC: 0.96411316, test AUC: 0.66925058, train F1: 0.51020375, test F1: 0.47729044, test Precision: 0.50495522, test Recall: 0.66131483
[EICU] test AUC: 0.51000110, test F1: 0.49208448, test Precision: 0.50185506, test Recall: 0.51116506
