Current model: DT, current hyper-parameter: 1, current F1 score: 0.35697913
Current model: DT, current hyper-parameter: 2, current F1 score: 0.38685499
Current model: DT, current hyper-parameter: 3, current F1 score: 0.37121013
Current model: DT, current hyper-parameter: 4, current F1 score: 0.39042342
Current model: DT, current hyper-parameter: 5, current F1 score: 0.44077783
Current model: DT, current hyper-parameter: 6, current F1 score: 0.42175789
Current model: DT, current hyper-parameter: 7, current F1 score: 0.44050259
Current model: DT, current hyper-parameter: 8, current F1 score: 0.44911338
Current model: DT, current hyper-parameter: 9, current F1 score: 0.46031232
Current model: DT, current hyper-parameter: 10, current F1 score: 0.46331519
Best hyper-parameter: 10
Model:
DecisionTreeClassifier(class_weight={0: 264, 1: 50034}, criterion='gini',
            max_depth=10, max_features=None, max_leaf_nodes=None,
            min_impurity_decrease=0.0, min_impurity_split=None,
            min_samples_leaf=1, min_samples_split=2,
            min_weight_fraction_leaf=0.0, presort=False, random_state=None,
            splitter='best')
[MIMIC] train AUC: 0.96423827, test AUC: 0.67569485, train F1: 0.51581488, test F1: 0.48052305, test Precision: 0.50720789, test Recall: 0.67583180
[EICU] test AUC: 0.57095875, test F1: 0.43362386, test Precision: 0.50336050, test Recall: 0.58390199
