5 fold CV -- 1/5
5 fold CV -- 2/5
5 fold CV -- 3/5
5 fold CV -- 4/5
5 fold CV -- 5/5
Current model: DT, current hyper-parameter: 1, current F1 score: 0.73361419; current sensitivity: 0.98682447
5 fold CV -- 1/5
5 fold CV -- 2/5
5 fold CV -- 3/5
5 fold CV -- 4/5
5 fold CV -- 5/5
Current model: DT, current hyper-parameter: 2, current F1 score: 0.72492693; current sensitivity: 0.89699503
5 fold CV -- 1/5
5 fold CV -- 2/5
5 fold CV -- 3/5
5 fold CV -- 4/5
5 fold CV -- 5/5
Current model: DT, current hyper-parameter: 3, current F1 score: 0.72260821; current sensitivity: 0.83896653
5 fold CV -- 1/5
5 fold CV -- 2/5
5 fold CV -- 3/5
5 fold CV -- 4/5
5 fold CV -- 5/5
Current model: DT, current hyper-parameter: 4, current F1 score: 0.70574503; current sensitivity: 0.73612064
5 fold CV -- 1/5
5 fold CV -- 2/5
5 fold CV -- 3/5
5 fold CV -- 4/5
5 fold CV -- 5/5
Current model: DT, current hyper-parameter: 5, current F1 score: 0.68336913; current sensitivity: 0.66569320
5 fold CV -- 1/5
5 fold CV -- 2/5
5 fold CV -- 3/5
5 fold CV -- 4/5
5 fold CV -- 5/5
Current model: DT, current hyper-parameter: 6, current F1 score: 0.68340652; current sensitivity: 0.61143058
5 fold CV -- 1/5
5 fold CV -- 2/5
5 fold CV -- 3/5
5 fold CV -- 4/5
5 fold CV -- 5/5
Current model: DT, current hyper-parameter: 7, current F1 score: 0.65927741; current sensitivity: 0.53613122
5 fold CV -- 1/5
5 fold CV -- 2/5
5 fold CV -- 3/5
5 fold CV -- 4/5
5 fold CV -- 5/5
Current model: DT, current hyper-parameter: 8, current F1 score: 0.63042094; current sensitivity: 0.46783415
5 fold CV -- 1/5
5 fold CV -- 2/5
5 fold CV -- 3/5
5 fold CV -- 4/5
5 fold CV -- 5/5
Current model: DT, current hyper-parameter: 9, current F1 score: 0.59225787; current sensitivity: 0.38821095
5 fold CV -- 1/5
5 fold CV -- 2/5
5 fold CV -- 3/5
5 fold CV -- 4/5
5 fold CV -- 5/5
Current model: DT, current hyper-parameter: 10, current F1 score: 0.57430649; current sensitivity: 0.35045256
5 fold CV -- 1/5
5 fold CV -- 2/5
5 fold CV -- 3/5
5 fold CV -- 4/5
5 fold CV -- 5/5
Current model: DT, current hyper-parameter: 11, current F1 score: 0.55496130; current sensitivity: 0.31512747
5 fold CV -- 1/5
5 fold CV -- 2/5
5 fold CV -- 3/5
5 fold CV -- 4/5
5 fold CV -- 5/5
Current model: DT, current hyper-parameter: 12, current F1 score: 0.52923852; current sensitivity: 0.27156571
5 fold CV -- 1/5
5 fold CV -- 2/5
5 fold CV -- 3/5
5 fold CV -- 4/5
5 fold CV -- 5/5
Current model: DT, current hyper-parameter: 13, current F1 score: 0.51776363; current sensitivity: 0.25033346
5 fold CV -- 1/5
5 fold CV -- 2/5
5 fold CV -- 3/5
5 fold CV -- 4/5
5 fold CV -- 5/5
Current model: DT, current hyper-parameter: 14, current F1 score: 0.52171076; current sensitivity: 0.25033346
5 fold CV -- 1/5
5 fold CV -- 2/5
5 fold CV -- 3/5
5 fold CV -- 4/5
5 fold CV -- 5/5
Current model: DT, current hyper-parameter: 15, current F1 score: 0.52391150; current sensitivity: 0.24955768
Best hyper-parameter: 1
Model:
DecisionTreeClassifier(ccp_alpha=0.0, class_weight=None, criterion='gini',
                       max_depth=1, max_features=None, max_leaf_nodes=None,
                       min_impurity_decrease=0.0, min_impurity_split=None,
                       min_samples_leaf=1, min_samples_split=2,
                       min_weight_fraction_leaf=0.0, presort='deprecated',
                       random_state=None, splitter='best')
[MIMIC] train AUC: 0.75712643, test AUC: 0.73278395, train F1: 0.74176799, test F1: 0.71906055, test Precision: 0.79138091, test Recall: 0.73278395, sensitivity: 0.95642606, specificity: 0.50914185, PPV: 0.66196182, NPV: 0.92080000
