5 fold CV -- 1/5
5 fold CV -- 2/5
5 fold CV -- 3/5
5 fold CV -- 4/5
5 fold CV -- 5/5
Current model: logit_l2, current hyper-parameter: 0.5, current F1 score: 0.66928358; current sensitivity: 0.73610869
5 fold CV -- 1/5
5 fold CV -- 2/5
5 fold CV -- 3/5
5 fold CV -- 4/5
5 fold CV -- 5/5
Current model: logit_l2, current hyper-parameter: 1, current F1 score: 0.66927081; current sensitivity: 0.73610869
5 fold CV -- 1/5
5 fold CV -- 2/5
5 fold CV -- 3/5
5 fold CV -- 4/5
5 fold CV -- 5/5
Current model: logit_l2, current hyper-parameter: 1.5, current F1 score: 0.66927645; current sensitivity: 0.73610869
5 fold CV -- 1/5
5 fold CV -- 2/5
5 fold CV -- 3/5
5 fold CV -- 4/5
5 fold CV -- 5/5
Current model: logit_l2, current hyper-parameter: 2, current F1 score: 0.66925577; current sensitivity: 0.73610869
5 fold CV -- 1/5
5 fold CV -- 2/5
5 fold CV -- 3/5
5 fold CV -- 4/5
5 fold CV -- 5/5
Current model: logit_l2, current hyper-parameter: 2.5, current F1 score: 0.66928403; current sensitivity: 0.73610869
5 fold CV -- 1/5
5 fold CV -- 2/5
5 fold CV -- 3/5
5 fold CV -- 4/5
5 fold CV -- 5/5
Current model: logit_l2, current hyper-parameter: 3, current F1 score: 0.66926330; current sensitivity: 0.73610869
Best hyper-parameter: 2.5
Model:
LogisticRegression(C=2.5,
                   class_weight={0: 4.98773018374798e-06,
                                 1: 4.98773018374798e-06},
                   dual=False, fit_intercept=True, intercept_scaling=1,
                   l1_ratio=None, max_iter=100, multi_class='auto', n_jobs=-1,
                   penalty='l2', random_state=None, solver='saga', tol=0.0001,
                   verbose=0, warm_start=False)
[MIMIC] train AUC: 0.74873854, test AUC: 0.74997487, train F1: 0.67647062, test F1: 0.66746447, test Precision: 0.67549012, test Recall: 0.66911414, sensitivity: 0.76103309, specificity: 0.57719519, PPV: 0.65401884, NPV: 0.69696139
[EICU] test AUC: 0.58929198, test F1: 0.41117817, test Precision: 0.50509430, test Recall: 0.56457571
