Current model: DT, current hyper-parameter: 1, current F1 score: 0.34540107
Current model: DT, current hyper-parameter: 2, current F1 score: 0.34540107
Current model: DT, current hyper-parameter: 3, current F1 score: 0.35884446
Current model: DT, current hyper-parameter: 4, current F1 score: 0.43522825
Current model: DT, current hyper-parameter: 5, current F1 score: 0.42738155
Current model: DT, current hyper-parameter: 6, current F1 score: 0.45315907
Current model: DT, current hyper-parameter: 7, current F1 score: 0.47624812
Current model: DT, current hyper-parameter: 8, current F1 score: 0.48475274
Current model: DT, current hyper-parameter: 9, current F1 score: 0.48667887
Current model: DT, current hyper-parameter: 10, current F1 score: 0.48980586
Best hyper-parameter: 10
Model:
DecisionTreeClassifier(class_weight={0: 255, 1: 46746}, criterion='gini',
            max_depth=10, max_features=None, max_leaf_nodes=None,
            min_impurity_decrease=0.0, min_impurity_split=None,
            min_samples_leaf=1, min_samples_split=2,
            min_weight_fraction_leaf=0.0, presort=False, random_state=None,
            splitter='best')
[MIMIC] train AUC: 0.96542260, test AUC: 0.63298299, train F1: 0.53216002, test F1: 0.45620512, test Precision: 0.50317093, test Recall: 0.63228059
[EICU] test AUC: 0.53744970, test F1: 0.45995725, test Precision: 0.50219888, test Recall: 0.53736883
