5 fold CV -- 1/5
5 fold CV -- 2/5
5 fold CV -- 3/5
5 fold CV -- 4/5
5 fold CV -- 5/5
Current model: RF, current hyper-parameter: 8, current F1 score: 0.35007078; current sensitivity: 0.01433814
5 fold CV -- 1/5
5 fold CV -- 2/5
5 fold CV -- 3/5
5 fold CV -- 4/5
5 fold CV -- 5/5
Current model: RF, current hyper-parameter: 16, current F1 score: 0.34458284; current sensitivity: 0.00916910
5 fold CV -- 1/5
5 fold CV -- 2/5
5 fold CV -- 3/5
5 fold CV -- 4/5
5 fold CV -- 5/5
Current model: RF, current hyper-parameter: 32, current F1 score: 0.34203949; current sensitivity: 0.00682286
5 fold CV -- 1/5
5 fold CV -- 2/5
5 fold CV -- 3/5
5 fold CV -- 4/5
5 fold CV -- 5/5
Current model: RF, current hyper-parameter: 64, current F1 score: 0.34081608; current sensitivity: 0.00566784
5 fold CV -- 1/5
5 fold CV -- 2/5
5 fold CV -- 3/5
5 fold CV -- 4/5
5 fold CV -- 5/5
Current model: RF, current hyper-parameter: 128, current F1 score: 0.34086490; current sensitivity: 0.00569882
5 fold CV -- 1/5
5 fold CV -- 2/5
5 fold CV -- 3/5
5 fold CV -- 4/5
5 fold CV -- 5/5
Current model: RF, current hyper-parameter: 256, current F1 score: 0.34152000; current sensitivity: 0.00628908
Best hyper-parameter: 8
Model:
RandomForestClassifier(bootstrap=True, ccp_alpha=0.0,
                       class_weight={0: 4.98773018374798e-06,
                                     1: 4.98773018374798e-06},
                       criterion='gini', max_depth=None, max_features='auto',
                       max_leaf_nodes=None, max_samples=None,
                       min_impurity_decrease=0.0, min_impurity_split=None,
                       min_samples_leaf=1, min_samples_split=2,
                       min_weight_fraction_leaf=0.0, n_estimators=8,
                       n_jobs=None, oob_score=False, random_state=None,
                       verbose=0, warm_start=False)
[MIMIC] train AUC: 1.00000000, test AUC: 0.65074352, train F1: 1.00000000, test F1: 0.35576418, test Precision: 0.73086033, test Recall: 0.51246971, sensitivity: 0.02584700, specificity: 0.99909243, PPV: 0.96764706, NPV: 0.49407361
[EICU] test AUC: 0.53006694, test F1: 0.49527226, test Precision: 0.49069239, test Recall: 0.49993842
