Current model: DT, current hyper-parameter: 1, current F1 score: 0.36672924
Current model: DT, current hyper-parameter: 2, current F1 score: 0.41943133
Current model: DT, current hyper-parameter: 3, current F1 score: 0.41723690
Current model: DT, current hyper-parameter: 4, current F1 score: 0.43363476
Current model: DT, current hyper-parameter: 5, current F1 score: 0.43880505
Current model: DT, current hyper-parameter: 6, current F1 score: 0.45895515
Current model: DT, current hyper-parameter: 7, current F1 score: 0.46555418
Current model: DT, current hyper-parameter: 8, current F1 score: 0.47865488
Current model: DT, current hyper-parameter: 9, current F1 score: 0.48265057
Current model: DT, current hyper-parameter: 10, current F1 score: 0.48609342
Best hyper-parameter: 10
Model:
DecisionTreeClassifier(class_weight={0: 243, 1: 46538}, criterion='gini',
            max_depth=10, max_features=None, max_leaf_nodes=None,
            min_impurity_decrease=0.0, min_impurity_split=None,
            min_samples_leaf=1, min_samples_split=2,
            min_weight_fraction_leaf=0.0, presort=False, random_state=None,
            splitter='best')
[MIMIC] train AUC: 0.96729455, test AUC: 0.68521529, train F1: 0.52803912, test F1: 0.48337699, test Precision: 0.50814992, test Recall: 0.69018062
[EICU] test AUC: 0.56542994, test F1: 0.44020586, test Precision: 0.50552006, test Recall: 0.59223364
