Current model: DT, current hyper-parameter: 1, current F1 score: 0.33182315
Current model: DT, current hyper-parameter: 2, current F1 score: 0.37244115
Current model: DT, current hyper-parameter: 3, current F1 score: 0.44327009
Current model: DT, current hyper-parameter: 4, current F1 score: 0.41507975
Current model: DT, current hyper-parameter: 5, current F1 score: 0.42554935
Current model: DT, current hyper-parameter: 6, current F1 score: 0.44524236
Current model: DT, current hyper-parameter: 7, current F1 score: 0.45223468
Current model: DT, current hyper-parameter: 8, current F1 score: 0.45613916
Current model: DT, current hyper-parameter: 9, current F1 score: 0.46155916
Current model: DT, current hyper-parameter: 10, current F1 score: 0.46687744
Best hyper-parameter: 10
Model:
DecisionTreeClassifier(class_weight={0: 243, 1: 51077}, criterion='gini',
                       max_depth=10, max_features=None, max_leaf_nodes=None,
                       min_impurity_decrease=0.0, min_impurity_split=None,
                       min_samples_leaf=1, min_samples_split=2,
                       min_weight_fraction_leaf=0.0, presort=False,
                       random_state=None, splitter='best')
[MIMIC] train AUC: 0.95709043, test AUC: 0.75313594, train F1: 0.49697516, test F1: 0.46307915, test Precision: 0.50690982, test Recall: 0.74247542
[EICU] test AUC: 0.66576163, test F1: 0.42042995, test Precision: 0.50715229, test Recall: 0.65780771
