5 fold CV -- 1/5
5 fold CV -- 2/5
5 fold CV -- 3/5
5 fold CV -- 4/5
5 fold CV -- 5/5
Current model: logit_l2, current hyper-parameter: 0.5, current F1 score: 0.69128854; current sensitivity: 0.71006934
5 fold CV -- 1/5
5 fold CV -- 2/5
5 fold CV -- 3/5
5 fold CV -- 4/5
5 fold CV -- 5/5
Current model: logit_l2, current hyper-parameter: 1, current F1 score: 0.69128495; current sensitivity: 0.71006934
5 fold CV -- 1/5
5 fold CV -- 2/5
5 fold CV -- 3/5
5 fold CV -- 4/5
5 fold CV -- 5/5
Current model: logit_l2, current hyper-parameter: 1.5, current F1 score: 0.69128825; current sensitivity: 0.71006934
5 fold CV -- 1/5
5 fold CV -- 2/5
5 fold CV -- 3/5
5 fold CV -- 4/5
5 fold CV -- 5/5
Current model: logit_l2, current hyper-parameter: 2, current F1 score: 0.69128549; current sensitivity: 0.71006934
5 fold CV -- 1/5
5 fold CV -- 2/5
5 fold CV -- 3/5
5 fold CV -- 4/5
5 fold CV -- 5/5
Current model: logit_l2, current hyper-parameter: 2.5, current F1 score: 0.69128007; current sensitivity: 0.71006934
5 fold CV -- 1/5
5 fold CV -- 2/5
5 fold CV -- 3/5
5 fold CV -- 4/5
5 fold CV -- 5/5
Current model: logit_l2, current hyper-parameter: 3, current F1 score: 0.69130666; current sensitivity: 0.71006934
Best hyper-parameter: 3
Model:
LogisticRegression(C=3,
                   class_weight={0: 6.186970240673142e-06,
                                 1: 6.186970240673142e-06},
                   dual=False, fit_intercept=True, intercept_scaling=1,
                   l1_ratio=None, max_iter=100, multi_class='auto', n_jobs=-1,
                   penalty='l2', random_state=None, solver='saga', tol=0.0001,
                   verbose=0, warm_start=False)
[MIMIC] train AUC: 0.77657055, test AUC: 0.76470825, train F1: 0.69885779, test F1: 0.68766542, test Precision: 0.68766522, test Recall: 0.68774938, sensitivity: 0.68863082, specificity: 0.68686795, PPV: 0.67781391, NPV: 0.69751654
[EICU] test AUC: 0.58599040, test F1: 0.36505040, test Precision: 0.50494545, test Recall: 0.56810244
