Current model: DT, current hyper-parameter: 1, current F1 score: 0.36654128
Current model: DT, current hyper-parameter: 2, current F1 score: 0.36654128
Current model: DT, current hyper-parameter: 3, current F1 score: 0.43180877
Current model: DT, current hyper-parameter: 4, current F1 score: 0.41899918
Current model: DT, current hyper-parameter: 5, current F1 score: 0.43863010
Current model: DT, current hyper-parameter: 6, current F1 score: 0.46207692
Current model: DT, current hyper-parameter: 7, current F1 score: 0.46915160
Current model: DT, current hyper-parameter: 8, current F1 score: 0.47514291
Current model: DT, current hyper-parameter: 9, current F1 score: 0.47943170
Current model: DT, current hyper-parameter: 10, current F1 score: 0.48271089
Best hyper-parameter: 10
Model:
DecisionTreeClassifier(class_weight={0: 264, 1: 48390}, criterion='gini',
            max_depth=10, max_features=None, max_leaf_nodes=None,
            min_impurity_decrease=0.0, min_impurity_split=None,
            min_samples_leaf=1, min_samples_split=2,
            min_weight_fraction_leaf=0.0, presort=False, random_state=None,
            splitter='best')
[MIMIC] train AUC: 0.96007370, test AUC: 0.72018541, train F1: 0.51685170, test F1: 0.49031981, test Precision: 0.51056532, test Recall: 0.72935927
[EICU] test AUC: 0.60757406, test F1: 0.44626445, test Precision: 0.50489130, test Recall: 0.60626482
