5 fold CV -- 1/5
5 fold CV -- 2/5
5 fold CV -- 3/5
5 fold CV -- 4/5
5 fold CV -- 5/5
Current model: GBM, current hyper-parameter: 8, current F1 score: 0.70649825; current sensitivity: 0.78789256
5 fold CV -- 1/5
5 fold CV -- 2/5
5 fold CV -- 3/5
5 fold CV -- 4/5
5 fold CV -- 5/5
Current model: GBM, current hyper-parameter: 16, current F1 score: 0.70983926; current sensitivity: 0.78412672
5 fold CV -- 1/5
5 fold CV -- 2/5
5 fold CV -- 3/5
5 fold CV -- 4/5
5 fold CV -- 5/5
Current model: GBM, current hyper-parameter: 32, current F1 score: 0.71227268; current sensitivity: 0.75529123
5 fold CV -- 1/5
5 fold CV -- 2/5
5 fold CV -- 3/5
5 fold CV -- 4/5
5 fold CV -- 5/5
Current model: GBM, current hyper-parameter: 64, current F1 score: 0.71509656; current sensitivity: 0.72489012
5 fold CV -- 1/5
5 fold CV -- 2/5
5 fold CV -- 3/5
5 fold CV -- 4/5
5 fold CV -- 5/5
Current model: GBM, current hyper-parameter: 128, current F1 score: 0.71100232; current sensitivity: 0.68177695
5 fold CV -- 1/5
5 fold CV -- 2/5
5 fold CV -- 3/5
5 fold CV -- 4/5
5 fold CV -- 5/5
Current model: GBM, current hyper-parameter: 256, current F1 score: 0.69781105; current sensitivity: 0.61589190
Best hyper-parameter: 64
Model:
GradientBoostingClassifier(ccp_alpha=0.0, criterion='friedman_mse', init=None,
                           learning_rate=0.1, loss='deviance', max_depth=3,
                           max_features=None, max_leaf_nodes=None,
                           min_impurity_decrease=0.0, min_impurity_split=None,
                           min_samples_leaf=1, min_samples_split=2,
                           min_weight_fraction_leaf=0.0, n_estimators=64,
                           n_iter_no_change=None, presort='deprecated',
                           random_state=None, subsample=1.0, tol=0.0001,
                           validation_fraction=0.1, verbose=0,
                           warm_start=False)
[MIMIC] train AUC: 0.85938316, test AUC: 0.79933618, train F1: 0.77633101, test F1: 0.71849941, test Precision: 0.71873114, test Recall: 0.71839217, sensitivity: 0.73679808, specificity: 0.69998627, PPV: 0.72377320, NPV: 0.71368907
[EICU] test AUC: 0.64044265, test F1: 0.45272137, test Precision: 0.50874724, test Recall: 0.58372406
