5 fold CV -- 1/5
5 fold CV -- 2/5
5 fold CV -- 3/5
5 fold CV -- 4/5
5 fold CV -- 5/5
Current model: RF, current hyper-parameter: 8, current F1 score: 0.35028609; current sensitivity: 0.01643679
5 fold CV -- 1/5
5 fold CV -- 2/5
5 fold CV -- 3/5
5 fold CV -- 4/5
5 fold CV -- 5/5
Current model: RF, current hyper-parameter: 16, current F1 score: 0.34782698; current sensitivity: 0.01380776
5 fold CV -- 1/5
5 fold CV -- 2/5
5 fold CV -- 3/5
5 fold CV -- 4/5
5 fold CV -- 5/5
Current model: RF, current hyper-parameter: 32, current F1 score: 0.34337996; current sensitivity: 0.00970973
5 fold CV -- 1/5
5 fold CV -- 2/5
5 fold CV -- 3/5
5 fold CV -- 4/5
5 fold CV -- 5/5
Current model: RF, current hyper-parameter: 64, current F1 score: 0.34118278; current sensitivity: 0.00767626
5 fold CV -- 1/5
5 fold CV -- 2/5
5 fold CV -- 3/5
5 fold CV -- 4/5
5 fold CV -- 5/5
Current model: RF, current hyper-parameter: 128, current F1 score: 0.34536494; current sensitivity: 0.01147268
5 fold CV -- 1/5
5 fold CV -- 2/5
5 fold CV -- 3/5
5 fold CV -- 4/5
5 fold CV -- 5/5
Current model: RF, current hyper-parameter: 256, current F1 score: 0.34216470; current sensitivity: 0.00852476
Best hyper-parameter: 8
Model:
RandomForestClassifier(bootstrap=True, ccp_alpha=0.0,
                       class_weight={0: 6.26491833678948e-06,
                                     1: 6.26491833678948e-06},
                       criterion='gini', max_depth=None, max_features='auto',
                       max_leaf_nodes=None, max_samples=None,
                       min_impurity_decrease=0.0, min_impurity_split=None,
                       min_samples_leaf=1, min_samples_split=2,
                       min_weight_fraction_leaf=0.0, n_estimators=8,
                       n_jobs=None, oob_score=False, random_state=None,
                       verbose=0, warm_start=False)
[MIMIC] train AUC: 1.00000000, test AUC: 0.64743930, train F1: 1.00000000, test F1: 0.33852319, test Precision: 0.66411066, test Recall: 0.50297807, sensitivity: 0.00749824, specificity: 0.99845790, PPV: 0.83286908, NPV: 0.49535225
[EICU] test AUC: 0.50621992, test F1: 0.49501020, test Precision: 0.49011900, test Recall: 0.50000000
