Current model: DT, current hyper-parameter: 1, current F1 score: 0.36109732
Current model: DT, current hyper-parameter: 2, current F1 score: 0.43450048
Current model: DT, current hyper-parameter: 3, current F1 score: 0.39968774
Current model: DT, current hyper-parameter: 4, current F1 score: 0.41653858
Current model: DT, current hyper-parameter: 5, current F1 score: 0.40289901
Current model: DT, current hyper-parameter: 6, current F1 score: 0.42103160
Current model: DT, current hyper-parameter: 7, current F1 score: 0.42548644
Current model: DT, current hyper-parameter: 8, current F1 score: 0.43168809
Current model: DT, current hyper-parameter: 9, current F1 score: 0.43481132
Current model: DT, current hyper-parameter: 10, current F1 score: 0.44424642
Best hyper-parameter: 10
Model:
DecisionTreeClassifier(class_weight={0: 1115, 1: 72580}, criterion='gini',
            max_depth=10, max_features=None, max_leaf_nodes=None,
            min_impurity_decrease=0.0, min_impurity_split=None,
            min_samples_leaf=1, min_samples_split=2,
            min_weight_fraction_leaf=0.0, presort=False, random_state=None,
            splitter='best')
[MIMIC] train AUC: 0.91336081, test AUC: 0.77450674, train F1: 0.48667647, test F1: 0.47204996, test Precision: 0.52005456, test Recall: 0.76177665
[EICU] test AUC: 0.52597842, test F1: 0.42539562, test Precision: 0.50172030, test Recall: 0.53220467
