5 fold CV -- 1/5
5 fold CV -- 2/5
5 fold CV -- 3/5
5 fold CV -- 4/5
5 fold CV -- 5/5
Current model: logit_l2, current hyper-parameter: 0.5, current F1 score: 0.66527657; current sensitivity: 0.73703217
5 fold CV -- 1/5
5 fold CV -- 2/5
5 fold CV -- 3/5
5 fold CV -- 4/5
5 fold CV -- 5/5
Current model: logit_l2, current hyper-parameter: 1, current F1 score: 0.66556948; current sensitivity: 0.73761143
5 fold CV -- 1/5
5 fold CV -- 2/5
5 fold CV -- 3/5
5 fold CV -- 4/5
5 fold CV -- 5/5
Current model: logit_l2, current hyper-parameter: 1.5, current F1 score: 0.66530490; current sensitivity: 0.73703217
5 fold CV -- 1/5
5 fold CV -- 2/5
5 fold CV -- 3/5
5 fold CV -- 4/5
5 fold CV -- 5/5
Current model: logit_l2, current hyper-parameter: 2, current F1 score: 0.66556759; current sensitivity: 0.73761143
5 fold CV -- 1/5
5 fold CV -- 2/5
5 fold CV -- 3/5
5 fold CV -- 4/5
5 fold CV -- 5/5
Current model: logit_l2, current hyper-parameter: 2.5, current F1 score: 0.66524100; current sensitivity: 0.73690737
5 fold CV -- 1/5
5 fold CV -- 2/5
5 fold CV -- 3/5
5 fold CV -- 4/5
5 fold CV -- 5/5
Current model: logit_l2, current hyper-parameter: 3, current F1 score: 0.66558866; current sensitivity: 0.73761143
Best hyper-parameter: 3
Model:
LogisticRegression(C=3,
                   class_weight={0: 4.98773018374798e-06,
                                 1: 4.98773018374798e-06},
                   dual=False, fit_intercept=True, intercept_scaling=1,
                   l1_ratio=None, max_iter=100, multi_class='auto', n_jobs=-1,
                   penalty='l2', random_state=None, solver='saga', tol=0.0001,
                   verbose=0, warm_start=False)
[MIMIC] train AUC: 0.74163430, test AUC: 0.74011697, train F1: 0.67000374, test F1: 0.65792956, test Precision: 0.66594637, test Recall: 0.65975041, sensitivity: 0.75319650, specificity: 0.56630433, PPV: 0.64587789, NPV: 0.68601484
[EICU] test AUC: 0.58779910, test F1: 0.42383953, test Precision: 0.50465657, test Recall: 0.55614243
