Current model: DT, current hyper-parameter: 1, current F1 score: 0.36654128
Current model: DT, current hyper-parameter: 2, current F1 score: 0.36654128
Current model: DT, current hyper-parameter: 3, current F1 score: 0.43180877
Current model: DT, current hyper-parameter: 4, current F1 score: 0.45209900
Current model: DT, current hyper-parameter: 5, current F1 score: 0.45473600
Current model: DT, current hyper-parameter: 6, current F1 score: 0.46416996
Current model: DT, current hyper-parameter: 7, current F1 score: 0.47194500
Current model: DT, current hyper-parameter: 8, current F1 score: 0.47680291
Current model: DT, current hyper-parameter: 9, current F1 score: 0.48366034
Current model: DT, current hyper-parameter: 10, current F1 score: 0.48286020
Best hyper-parameter: 9
Model:
DecisionTreeClassifier(class_weight={0: 264, 1: 48390}, criterion='gini',
            max_depth=9, max_features=None, max_leaf_nodes=None,
            min_impurity_decrease=0.0, min_impurity_split=None,
            min_samples_leaf=1, min_samples_split=2,
            min_weight_fraction_leaf=0.0, presort=False, random_state=None,
            splitter='best')
[MIMIC] train AUC: 0.94563433, test AUC: 0.73338326, train F1: 0.50367972, test F1: 0.48182476, test Precision: 0.50958756, test Recall: 0.74126010
[EICU] test AUC: 0.60341483, test F1: 0.44432681, test Precision: 0.50456522, test Recall: 0.60037162
