5 fold CV -- 1/5
5 fold CV -- 2/5
5 fold CV -- 3/5
5 fold CV -- 4/5
5 fold CV -- 5/5
Current model: GBM, current hyper-parameter: 8, current F1 score: 0.73260088; current sensitivity: 0.83080142
5 fold CV -- 1/5
5 fold CV -- 2/5
5 fold CV -- 3/5
5 fold CV -- 4/5
5 fold CV -- 5/5
Current model: GBM, current hyper-parameter: 16, current F1 score: 0.73913580; current sensitivity: 0.81516063
5 fold CV -- 1/5
5 fold CV -- 2/5
5 fold CV -- 3/5
5 fold CV -- 4/5
5 fold CV -- 5/5
Current model: GBM, current hyper-parameter: 32, current F1 score: 0.74106887; current sensitivity: 0.77378184
5 fold CV -- 1/5
5 fold CV -- 2/5
5 fold CV -- 3/5
5 fold CV -- 4/5
5 fold CV -- 5/5
Current model: GBM, current hyper-parameter: 64, current F1 score: 0.73389624; current sensitivity: 0.71006007
5 fold CV -- 1/5
5 fold CV -- 2/5
5 fold CV -- 3/5
5 fold CV -- 4/5
5 fold CV -- 5/5
Current model: GBM, current hyper-parameter: 128, current F1 score: 0.71852048; current sensitivity: 0.62940705
5 fold CV -- 1/5
5 fold CV -- 2/5
5 fold CV -- 3/5
5 fold CV -- 4/5
5 fold CV -- 5/5
Current model: GBM, current hyper-parameter: 256, current F1 score: 0.67645524; current sensitivity: 0.50147128
Best hyper-parameter: 32
Model:
GradientBoostingClassifier(ccp_alpha=0.0, criterion='friedman_mse', init=None,
                           learning_rate=0.1, loss='deviance', max_depth=3,
                           max_features=None, max_leaf_nodes=None,
                           min_impurity_decrease=0.0, min_impurity_split=None,
                           min_samples_leaf=1, min_samples_split=2,
                           min_weight_fraction_leaf=0.0, n_estimators=32,
                           n_iter_no_change=None, presort='deprecated',
                           random_state=None, subsample=1.0, tol=0.0001,
                           validation_fraction=0.1, verbose=0,
                           warm_start=False)
[MIMIC] train AUC: 0.88181359, test AUC: 0.79470893, train F1: 0.79425824, test F1: 0.71422719, test Precision: 0.71536607, test Recall: 0.71406382, sensitivity: 0.74923911, specificity: 0.67888853, PPV: 0.71326222, NPV: 0.71746992
[EICU] test AUC: 0.60219553, test F1: 0.32027899, test Precision: 0.50441922, test Recall: 0.56237603
