Current model: DT, current hyper-parameter: 1, current F1 score: 0.43638759
Current model: DT, current hyper-parameter: 2, current F1 score: 0.43638759
Current model: DT, current hyper-parameter: 3, current F1 score: 0.46321809
Current model: DT, current hyper-parameter: 4, current F1 score: 0.46542096
Current model: DT, current hyper-parameter: 5, current F1 score: 0.45245017
Current model: DT, current hyper-parameter: 6, current F1 score: 0.45828359
Current model: DT, current hyper-parameter: 7, current F1 score: 0.46208737
Current model: DT, current hyper-parameter: 8, current F1 score: 0.46814112
Current model: DT, current hyper-parameter: 9, current F1 score: 0.47171320
Current model: DT, current hyper-parameter: 10, current F1 score: 0.47540285
Best hyper-parameter: 10
Model:
DecisionTreeClassifier(class_weight={0: 216, 1: 45398}, criterion='gini',
            max_depth=10, max_features=None, max_leaf_nodes=None,
            min_impurity_decrease=0.0, min_impurity_split=None,
            min_samples_leaf=1, min_samples_split=2,
            min_weight_fraction_leaf=0.0, presort=False, random_state=None,
            splitter='best')
[MIMIC] train AUC: 0.97346274, test AUC: 0.67566858, train F1: 0.53771497, test F1: 0.48666440, test Precision: 0.50734815, test Recall: 0.67597350
[EICU] test AUC: 0.53008588, test F1: 0.50340016, test Precision: 0.50615638, test Recall: 0.53063811
