5 fold CV -- 1/5
5 fold CV -- 2/5
5 fold CV -- 3/5
5 fold CV -- 4/5
5 fold CV -- 5/5
Current model: RF, current hyper-parameter: 8, current F1 score: 0.34269540; current sensitivity: 0.00000000
5 fold CV -- 1/5
5 fold CV -- 2/5
5 fold CV -- 3/5
5 fold CV -- 4/5
5 fold CV -- 5/5
Current model: RF, current hyper-parameter: 16, current F1 score: 0.34282874; current sensitivity: 0.00000000
5 fold CV -- 1/5
5 fold CV -- 2/5
5 fold CV -- 3/5
5 fold CV -- 4/5
5 fold CV -- 5/5
Current model: RF, current hyper-parameter: 32, current F1 score: 0.34295416; current sensitivity: 0.00000000
5 fold CV -- 1/5
5 fold CV -- 2/5
5 fold CV -- 3/5
5 fold CV -- 4/5
5 fold CV -- 5/5
Current model: RF, current hyper-parameter: 64, current F1 score: 0.34288550; current sensitivity: 0.00000000
5 fold CV -- 1/5
5 fold CV -- 2/5
5 fold CV -- 3/5
5 fold CV -- 4/5
5 fold CV -- 5/5
Current model: RF, current hyper-parameter: 128, current F1 score: 0.34303996; current sensitivity: 0.00000000
5 fold CV -- 1/5
5 fold CV -- 2/5
5 fold CV -- 3/5
5 fold CV -- 4/5
5 fold CV -- 5/5
Current model: RF, current hyper-parameter: 256, current F1 score: 0.34303996; current sensitivity: 0.00000000
Best hyper-parameter: 128
Model:
RandomForestClassifier(bootstrap=True, ccp_alpha=0.0, class_weight=None,
                       criterion='gini', max_depth=None, max_features='auto',
                       max_leaf_nodes=None, max_samples=None,
                       min_impurity_decrease=0.0, min_impurity_split=None,
                       min_samples_leaf=1, min_samples_split=2,
                       min_weight_fraction_leaf=0.0, n_estimators=128,
                       n_jobs=None, oob_score=False, random_state=None,
                       verbose=0, warm_start=False)
[MIMIC] train AUC: 1.00000000, test AUC: 0.72510503, train F1: 1.00000000, test F1: 0.29560059, test Precision: 0.21008256, test Recall: 0.49854106, sensitivity: 0.00000000, specificity: 0.99708212, PPV: 0.00000000, NPV: 0.42016512
