5 fold CV -- 1/5
5 fold CV -- 2/5
5 fold CV -- 3/5
5 fold CV -- 4/5
5 fold CV -- 5/5
Current model: logit_l2, current hyper-parameter: 0.5, current F1 score: 0.46946289; current sensitivity: 0.16656176
5 fold CV -- 1/5
5 fold CV -- 2/5
5 fold CV -- 3/5
5 fold CV -- 4/5
5 fold CV -- 5/5
Current model: logit_l2, current hyper-parameter: 1, current F1 score: 0.46957819; current sensitivity: 0.16656176
5 fold CV -- 1/5
5 fold CV -- 2/5
5 fold CV -- 3/5
5 fold CV -- 4/5
5 fold CV -- 5/5
Current model: logit_l2, current hyper-parameter: 1.5, current F1 score: 0.46961524; current sensitivity: 0.16656176
5 fold CV -- 1/5
5 fold CV -- 2/5
5 fold CV -- 3/5
5 fold CV -- 4/5
5 fold CV -- 5/5
Current model: logit_l2, current hyper-parameter: 2, current F1 score: 0.46955958; current sensitivity: 0.16656176
5 fold CV -- 1/5
5 fold CV -- 2/5
5 fold CV -- 3/5
5 fold CV -- 4/5
5 fold CV -- 5/5
Current model: logit_l2, current hyper-parameter: 2.5, current F1 score: 0.46958477; current sensitivity: 0.16656176
5 fold CV -- 1/5
5 fold CV -- 2/5
5 fold CV -- 3/5
5 fold CV -- 4/5
5 fold CV -- 5/5
Current model: logit_l2, current hyper-parameter: 3, current F1 score: 0.46966596; current sensitivity: 0.16656176
Best hyper-parameter: 3
Model:
LogisticRegression(C=3, class_weight=None, dual=False, fit_intercept=True,
                   intercept_scaling=1, l1_ratio=None, max_iter=100,
                   multi_class='auto', n_jobs=-1, penalty='l2',
                   random_state=None, solver='saga', tol=0.0001, verbose=0,
                   warm_start=False)
[MIMIC] train AUC: 0.99999062, test AUC: 0.78099979, train F1: 0.99731773, test F1: 0.34125000, test Precision: 0.26173021, test Recall: 0.49017744, sensitivity: 0.00000000, specificity: 0.98035488, PPV: 0.00000000, NPV: 0.52346041
