Current model: DT, current hyper-parameter: 1, current F1 score: 0.35544052
Current model: DT, current hyper-parameter: 2, current F1 score: 0.38783567
Current model: DT, current hyper-parameter: 3, current F1 score: 0.36568656
Current model: DT, current hyper-parameter: 4, current F1 score: 0.42908695
Current model: DT, current hyper-parameter: 5, current F1 score: 0.44241916
Current model: DT, current hyper-parameter: 6, current F1 score: 0.44735479
Current model: DT, current hyper-parameter: 7, current F1 score: 0.44895440
Current model: DT, current hyper-parameter: 8, current F1 score: 0.47442713
Current model: DT, current hyper-parameter: 9, current F1 score: 0.47478633
Current model: DT, current hyper-parameter: 10, current F1 score: 0.47942124
Best hyper-parameter: 10
Model:
DecisionTreeClassifier(class_weight={0: 264, 1: 50308}, criterion='gini',
            max_depth=10, max_features=None, max_leaf_nodes=None,
            min_impurity_decrease=0.0, min_impurity_split=None,
            min_samples_leaf=1, min_samples_split=2,
            min_weight_fraction_leaf=0.0, presort=False, random_state=None,
            splitter='best')
[MIMIC] train AUC: 0.95901092, test AUC: 0.71449879, train F1: 0.52012797, test F1: 0.48663643, test Precision: 0.50871472, test Recall: 0.69749219
[EICU] test AUC: 0.54309094, test F1: 0.42631763, test Precision: 0.50180673, test Recall: 0.54700336
