Current model: DT, current hyper-parameter: 1, current F1 score: 0.33577147
Current model: DT, current hyper-parameter: 2, current F1 score: 0.31680491
Current model: DT, current hyper-parameter: 3, current F1 score: 0.44849618
Current model: DT, current hyper-parameter: 4, current F1 score: 0.36680944
Current model: DT, current hyper-parameter: 5, current F1 score: 0.40691127
Current model: DT, current hyper-parameter: 6, current F1 score: 0.41784923
Current model: DT, current hyper-parameter: 7, current F1 score: 0.42815473
Current model: DT, current hyper-parameter: 8, current F1 score: 0.43473901
Current model: DT, current hyper-parameter: 9, current F1 score: 0.43866853
Current model: DT, current hyper-parameter: 10, current F1 score: 0.44876290
Best hyper-parameter: 10
Model:
DecisionTreeClassifier(class_weight={0: 240, 1: 46271}, criterion='gini',
                       max_depth=10, max_features=None, max_leaf_nodes=None,
                       min_impurity_decrease=0.0, min_impurity_split=None,
                       min_samples_leaf=1, min_samples_split=2,
                       min_weight_fraction_leaf=0.0, presort=False,
                       random_state=None, splitter='best')
[MIMIC] train AUC: 0.97520932, test AUC: 0.70081958, train F1: 0.53111445, test F1: 0.49898140, test Precision: 0.51237652, test Recall: 0.70294273
[EICU] test AUC: 0.48410519, test F1: 0.43899911, test Precision: 0.49927692, test Recall: 0.48861008
