Current model: DT, current hyper-parameter: 1, current F1 score: 0.35126431
Current model: DT, current hyper-parameter: 2, current F1 score: 0.36287381
Current model: DT, current hyper-parameter: 3, current F1 score: 0.44037636
Current model: DT, current hyper-parameter: 4, current F1 score: 0.41752116
Current model: DT, current hyper-parameter: 5, current F1 score: 0.42387116
Current model: DT, current hyper-parameter: 6, current F1 score: 0.43886399
Current model: DT, current hyper-parameter: 7, current F1 score: 0.45122220
Current model: DT, current hyper-parameter: 8, current F1 score: 0.45254307
Current model: DT, current hyper-parameter: 9, current F1 score: 0.46746941
Current model: DT, current hyper-parameter: 10, current F1 score: 0.47348018
Best hyper-parameter: 10
Model:
DecisionTreeClassifier(class_weight={0: 243, 1: 49475}, criterion='gini',
            max_depth=10, max_features=None, max_leaf_nodes=None,
            min_impurity_decrease=0.0, min_impurity_split=None,
            min_samples_leaf=1, min_samples_split=2,
            min_weight_fraction_leaf=0.0, presort=False, random_state=None,
            splitter='best')
[MIMIC] train AUC: 0.96539040, test AUC: 0.67904552, train F1: 0.51550300, test F1: 0.46635396, test Precision: 0.50590451, test Recall: 0.68666409
[EICU] test AUC: 0.67623464, test F1: 0.40021602, test Precision: 0.50836896, test Recall: 0.68801060
