Current model: DT, current hyper-parameter: 1, current F1 score: 0.35706144
Current model: DT, current hyper-parameter: 2, current F1 score: 0.42656209
Current model: DT, current hyper-parameter: 3, current F1 score: 0.42021724
Current model: DT, current hyper-parameter: 4, current F1 score: 0.43559408
Current model: DT, current hyper-parameter: 5, current F1 score: 0.46294139
Current model: DT, current hyper-parameter: 6, current F1 score: 0.45815762
Current model: DT, current hyper-parameter: 7, current F1 score: 0.46396441
Current model: DT, current hyper-parameter: 8, current F1 score: 0.46853965
Current model: DT, current hyper-parameter: 9, current F1 score: 0.47765097
Current model: DT, current hyper-parameter: 10, current F1 score: 0.48323177
Best hyper-parameter: 10
Model:
DecisionTreeClassifier(class_weight={0: 944, 1: 84699}, criterion='gini',
            max_depth=10, max_features=None, max_leaf_nodes=None,
            min_impurity_decrease=0.0, min_impurity_split=None,
            min_samples_leaf=1, min_samples_split=2,
            min_weight_fraction_leaf=0.0, presort=False, random_state=None,
            splitter='best')
[MIMIC] train AUC: 0.92860002, test AUC: 0.78790618, train F1: 0.49897991, test F1: 0.47510489, test Precision: 0.51615603, test Recall: 0.77187503
[EICU] test AUC: 0.63240668, test F1: 0.40847111, test Precision: 0.50827657, test Recall: 0.63419557
