5 fold CV -- 1/5
5 fold CV -- 2/5
5 fold CV -- 3/5
5 fold CV -- 4/5
5 fold CV -- 5/5
Current model: NN_l2, current hyper-parameter: 16, current F1 score: 0.46962363; current sensitivity: 0.15254203
5 fold CV -- 1/5
5 fold CV -- 2/5
5 fold CV -- 3/5
5 fold CV -- 4/5
5 fold CV -- 5/5
Current model: NN_l2, current hyper-parameter: 32, current F1 score: 0.47851253; current sensitivity: 0.16913831
5 fold CV -- 1/5
5 fold CV -- 2/5
5 fold CV -- 3/5
5 fold CV -- 4/5
5 fold CV -- 5/5
Current model: NN_l2, current hyper-parameter: 64, current F1 score: 0.48722040; current sensitivity: 0.17575529
5 fold CV -- 1/5
5 fold CV -- 2/5
5 fold CV -- 3/5
5 fold CV -- 4/5
5 fold CV -- 5/5
Current model: NN_l2, current hyper-parameter: 128, current F1 score: 0.49147258; current sensitivity: 0.17914077
Best hyper-parameter: 128
Model:
MLPClassifier(activation='relu', alpha=1e-05, batch_size='auto', beta_1=0.9,
              beta_2=0.999, early_stopping=False, epsilon=1e-08,
              hidden_layer_sizes=128, learning_rate='constant',
              learning_rate_init=0.001, max_fun=15000, max_iter=2000,
              momentum=0.9, n_iter_no_change=10, nesterovs_momentum=True,
              power_t=0.5, random_state=1, shuffle=True, solver='adam',
              tol=0.0001, validation_fraction=0.1, verbose=False,
              warm_start=False)
[MIMIC] train AUC: 1.00000000, test AUC: 0.74110292, train F1: 1.00000000, test F1: 0.46510606, test Precision: 0.64695827, test Recall: 0.55495601, sensitivity: 0.15746223, specificity: 0.95244978, PPV: 0.77926879, NPV: 0.51464775
[EICU] test AUC: 0.48962923, test F1: 0.47293660, test Precision: 0.49955116, test Recall: 0.49684614
