Current model: DT, current hyper-parameter: 1, current F1 score: 0.37129636
Current model: DT, current hyper-parameter: 2, current F1 score: 0.37095477
Current model: DT, current hyper-parameter: 3, current F1 score: 0.46600113
Current model: DT, current hyper-parameter: 4, current F1 score: 0.40220712
Current model: DT, current hyper-parameter: 5, current F1 score: 0.42825519
Current model: DT, current hyper-parameter: 6, current F1 score: 0.46903482
Current model: DT, current hyper-parameter: 7, current F1 score: 0.45689886
Current model: DT, current hyper-parameter: 8, current F1 score: 0.45163521
Current model: DT, current hyper-parameter: 9, current F1 score: 0.46377917
Current model: DT, current hyper-parameter: 10, current F1 score: 0.46970130
Best hyper-parameter: 10
Model:
DecisionTreeClassifier(class_weight={0: 172, 1: 43878}, criterion='gini',
            max_depth=10, max_features=None, max_leaf_nodes=None,
            min_impurity_decrease=0.0, min_impurity_split=None,
            min_samples_leaf=1, min_samples_split=2,
            min_weight_fraction_leaf=0.0, presort=False, random_state=None,
            splitter='best')
[MIMIC] train AUC: 0.96279499, test AUC: 0.66400706, train F1: 0.50535400, test F1: 0.48019439, test Precision: 0.50576512, test Recall: 0.66056096
[EICU] test AUC: 0.54284731, test F1: 0.42111880, test Precision: 0.50187697, test Recall: 0.54491487
