5 fold CV -- 1/5
5 fold CV -- 2/5
5 fold CV -- 3/5
5 fold CV -- 4/5
5 fold CV -- 5/5
Current model: NN, current hyper-parameter: 16, current F1 score: 0.47435867; current sensitivity: 0.17064494
5 fold CV -- 1/5
5 fold CV -- 2/5
5 fold CV -- 3/5
5 fold CV -- 4/5
5 fold CV -- 5/5
Current model: NN, current hyper-parameter: 32, current F1 score: 0.45523295; current sensitivity: 0.14199546
5 fold CV -- 1/5
5 fold CV -- 2/5
5 fold CV -- 3/5
5 fold CV -- 4/5
5 fold CV -- 5/5
Current model: NN, current hyper-parameter: 64, current F1 score: 0.48636911; current sensitivity: 0.18411339
5 fold CV -- 1/5
5 fold CV -- 2/5
5 fold CV -- 3/5
5 fold CV -- 4/5
5 fold CV -- 5/5
Current model: NN, current hyper-parameter: 128, current F1 score: 0.46614665; current sensitivity: 0.15600469
Best hyper-parameter: 64
Model:
MLPClassifier(activation='relu', alpha=0, batch_size='auto', beta_1=0.9,
              beta_2=0.999, early_stopping=False, epsilon=1e-08,
              hidden_layer_sizes=64, learning_rate='constant',
              learning_rate_init=0.001, max_fun=15000, max_iter=2000,
              momentum=0.9, n_iter_no_change=10, nesterovs_momentum=True,
              power_t=0.5, random_state=1, shuffle=True, solver='adam',
              tol=0.0001, validation_fraction=0.1, verbose=False,
              warm_start=False)
[MIMIC] train AUC: 0.99948347, test AUC: 0.67977853, train F1: 0.99250021, test F1: 0.48717943, test Precision: 0.59912258, test Recall: 0.55205459, sensitivity: 0.20620953, specificity: 0.89789965, PPV: 0.67896002, NPV: 0.51928514
[EICU] test AUC: 0.50826303, test F1: 0.47960782, test Precision: 0.50147982, test Recall: 0.50922144
