Current model: DT, current hyper-parameter: 1, current F1 score: 0.35697913
Current model: DT, current hyper-parameter: 2, current F1 score: 0.38685499
Current model: DT, current hyper-parameter: 3, current F1 score: 0.37121013
Current model: DT, current hyper-parameter: 4, current F1 score: 0.39042342
Current model: DT, current hyper-parameter: 5, current F1 score: 0.44175159
Current model: DT, current hyper-parameter: 6, current F1 score: 0.42137066
Current model: DT, current hyper-parameter: 7, current F1 score: 0.43845521
Current model: DT, current hyper-parameter: 8, current F1 score: 0.44581381
Current model: DT, current hyper-parameter: 9, current F1 score: 0.45762910
Current model: DT, current hyper-parameter: 10, current F1 score: 0.46219629
Best hyper-parameter: 10
Model:
DecisionTreeClassifier(class_weight={0: 264, 1: 50034}, criterion='gini',
            max_depth=10, max_features=None, max_leaf_nodes=None,
            min_impurity_decrease=0.0, min_impurity_split=None,
            min_samples_leaf=1, min_samples_split=2,
            min_weight_fraction_leaf=0.0, presort=False, random_state=None,
            splitter='best')
[MIMIC] train AUC: 0.96434088, test AUC: 0.68801076, train F1: 0.51627732, test F1: 0.47821367, test Precision: 0.50729385, test Recall: 0.68728135
[EICU] test AUC: 0.56397533, test F1: 0.43427405, test Precision: 0.50314435, test Recall: 0.57795231
