Current model: DT, current hyper-parameter: 1, current F1 score: 0.34540107
Current model: DT, current hyper-parameter: 2, current F1 score: 0.34540107
Current model: DT, current hyper-parameter: 3, current F1 score: 0.35884446
Current model: DT, current hyper-parameter: 4, current F1 score: 0.43522825
Current model: DT, current hyper-parameter: 5, current F1 score: 0.42738155
Current model: DT, current hyper-parameter: 6, current F1 score: 0.43809396
Current model: DT, current hyper-parameter: 7, current F1 score: 0.47040191
Current model: DT, current hyper-parameter: 8, current F1 score: 0.47270336
Current model: DT, current hyper-parameter: 9, current F1 score: 0.48066216
Current model: DT, current hyper-parameter: 10, current F1 score: 0.48376599
Best hyper-parameter: 10
Model:
DecisionTreeClassifier(class_weight={0: 255, 1: 46746}, criterion='gini',
            max_depth=10, max_features=None, max_leaf_nodes=None,
            min_impurity_decrease=0.0, min_impurity_split=None,
            min_samples_leaf=1, min_samples_split=2,
            min_weight_fraction_leaf=0.0, presort=False, random_state=None,
            splitter='best')
[MIMIC] train AUC: 0.96542260, test AUC: 0.64040142, train F1: 0.53216002, test F1: 0.45982785, test Precision: 0.50344101, test Recall: 0.63745396
[EICU] test AUC: 0.54192757, test F1: 0.46031992, test Precision: 0.50242107, test Recall: 0.54115671
