Current model: DT, current hyper-parameter: 1, current F1 score: 0.39543121
Current model: DT, current hyper-parameter: 2, current F1 score: 0.46267369
Current model: DT, current hyper-parameter: 3, current F1 score: 0.46018656
Current model: DT, current hyper-parameter: 4, current F1 score: 0.44987661
Current model: DT, current hyper-parameter: 5, current F1 score: 0.45331580
Current model: DT, current hyper-parameter: 6, current F1 score: 0.46366614
Current model: DT, current hyper-parameter: 7, current F1 score: 0.45740926
Current model: DT, current hyper-parameter: 8, current F1 score: 0.47633672
Current model: DT, current hyper-parameter: 9, current F1 score: 0.47328641
Current model: DT, current hyper-parameter: 10, current F1 score: 0.48501458
Best hyper-parameter: 10
Model:
DecisionTreeClassifier(class_weight={0: 548, 1: 61626}, criterion='gini',
            max_depth=10, max_features=None, max_leaf_nodes=None,
            min_impurity_decrease=0.0, min_impurity_split=None,
            min_samples_leaf=1, min_samples_split=2,
            min_weight_fraction_leaf=0.0, presort=False, random_state=None,
            splitter='best')
[MIMIC] train AUC: 0.95525783, test AUC: 0.73073515, train F1: 0.52417809, test F1: 0.48800033, test Precision: 0.51399233, test Recall: 0.72411296
[EICU] test AUC: 0.50145127, test F1: 0.49128376, test Precision: 0.50035054, test Recall: 0.50203008
