Current model: DT, current hyper-parameter: 1, current F1 score: 0.37702946
Current model: DT, current hyper-parameter: 2, current F1 score: 0.41708921
Current model: DT, current hyper-parameter: 3, current F1 score: 0.46713178
Current model: DT, current hyper-parameter: 4, current F1 score: 0.45321828
Current model: DT, current hyper-parameter: 5, current F1 score: 0.45359278
Current model: DT, current hyper-parameter: 6, current F1 score: 0.45818443
Current model: DT, current hyper-parameter: 7, current F1 score: 0.46533378
Current model: DT, current hyper-parameter: 8, current F1 score: 0.46382665
Current model: DT, current hyper-parameter: 9, current F1 score: 0.47741172
Current model: DT, current hyper-parameter: 10, current F1 score: 0.48163816
Best hyper-parameter: 10
Model:
DecisionTreeClassifier(class_weight={0: 944, 1: 78135}, criterion='gini',
            max_depth=10, max_features=None, max_leaf_nodes=None,
            min_impurity_decrease=0.0, min_impurity_split=None,
            min_samples_leaf=1, min_samples_split=2,
            min_weight_fraction_leaf=0.0, presort=False, random_state=None,
            splitter='best')
[MIMIC] train AUC: 0.92877536, test AUC: 0.77233720, train F1: 0.50936519, test F1: 0.47771648, test Precision: 0.51647414, test Recall: 0.75262328
[EICU] test AUC: 0.58846433, test F1: 0.45328374, test Precision: 0.50782962, test Recall: 0.59551318
