Current model: DT, current hyper-parameter: 1, current F1 score: 0.41141914
Current model: DT, current hyper-parameter: 2, current F1 score: 0.41141914
Current model: DT, current hyper-parameter: 3, current F1 score: 0.42151120
Current model: DT, current hyper-parameter: 4, current F1 score: 0.45008715
Current model: DT, current hyper-parameter: 5, current F1 score: 0.46271341
Current model: DT, current hyper-parameter: 6, current F1 score: 0.45769422
Current model: DT, current hyper-parameter: 7, current F1 score: 0.47278389
Current model: DT, current hyper-parameter: 8, current F1 score: 0.47814187
Current model: DT, current hyper-parameter: 9, current F1 score: 0.48010493
Current model: DT, current hyper-parameter: 10, current F1 score: 0.48160541
Best hyper-parameter: 10
Model:
DecisionTreeClassifier(class_weight={0: 264, 1: 47020}, criterion='gini',
            max_depth=10, max_features=None, max_leaf_nodes=None,
            min_impurity_decrease=0.0, min_impurity_split=None,
            min_samples_leaf=1, min_samples_split=2,
            min_weight_fraction_leaf=0.0, presort=False, random_state=None,
            splitter='best')
[MIMIC] train AUC: 0.95919234, test AUC: 0.70391361, train F1: 0.51789483, test F1: 0.48530429, test Precision: 0.50903430, test Recall: 0.70173744
[EICU] test AUC: 0.55276645, test F1: 0.43808901, test Precision: 0.50254507, test Recall: 0.55431443
