Current model: DT, current hyper-parameter: 1, current F1 score: 0.41141914
Current model: DT, current hyper-parameter: 2, current F1 score: 0.41141914
Current model: DT, current hyper-parameter: 3, current F1 score: 0.42151120
Current model: DT, current hyper-parameter: 4, current F1 score: 0.44051449
Current model: DT, current hyper-parameter: 5, current F1 score: 0.45959849
Current model: DT, current hyper-parameter: 6, current F1 score: 0.45727507
Current model: DT, current hyper-parameter: 7, current F1 score: 0.47319849
Current model: DT, current hyper-parameter: 8, current F1 score: 0.48234794
Current model: DT, current hyper-parameter: 9, current F1 score: 0.48092812
Current model: DT, current hyper-parameter: 10, current F1 score: 0.48281828
Best hyper-parameter: 10
Model:
DecisionTreeClassifier(class_weight={0: 264, 1: 47020}, criterion='gini',
            max_depth=10, max_features=None, max_leaf_nodes=None,
            min_impurity_decrease=0.0, min_impurity_split=None,
            min_samples_leaf=1, min_samples_split=2,
            min_weight_fraction_leaf=0.0, presort=False, random_state=None,
            splitter='best')
[MIMIC] train AUC: 0.95996782, test AUC: 0.71258897, train F1: 0.51663174, test F1: 0.48593582, test Precision: 0.50938596, test Recall: 0.70958987
[EICU] test AUC: 0.54845550, test F1: 0.43702113, test Precision: 0.50230893, test Recall: 0.54953561
