5 fold CV -- 1/5
5 fold CV -- 2/5
5 fold CV -- 3/5
5 fold CV -- 4/5
5 fold CV -- 5/5
Current model: logit_l2, current hyper-parameter: 0.5, current F1 score: 0.46815230; current sensitivity: 0.15584263
5 fold CV -- 1/5
5 fold CV -- 2/5
5 fold CV -- 3/5
5 fold CV -- 4/5
5 fold CV -- 5/5
Current model: logit_l2, current hyper-parameter: 1, current F1 score: 0.46808677; current sensitivity: 0.15584263
5 fold CV -- 1/5
5 fold CV -- 2/5
5 fold CV -- 3/5
5 fold CV -- 4/5
5 fold CV -- 5/5
Current model: logit_l2, current hyper-parameter: 1.5, current F1 score: 0.46813304; current sensitivity: 0.15584263
5 fold CV -- 1/5
5 fold CV -- 2/5
5 fold CV -- 3/5
5 fold CV -- 4/5
5 fold CV -- 5/5
Current model: logit_l2, current hyper-parameter: 2, current F1 score: 0.46831975; current sensitivity: 0.15584263
5 fold CV -- 1/5
5 fold CV -- 2/5
5 fold CV -- 3/5
5 fold CV -- 4/5
5 fold CV -- 5/5
Current model: logit_l2, current hyper-parameter: 2.5, current F1 score: 0.46816955; current sensitivity: 0.15584263
5 fold CV -- 1/5
5 fold CV -- 2/5
5 fold CV -- 3/5
5 fold CV -- 4/5
5 fold CV -- 5/5
Current model: logit_l2, current hyper-parameter: 3, current F1 score: 0.46811288; current sensitivity: 0.15584263
Best hyper-parameter: 2
Model:
LogisticRegression(C=2, class_weight=None, dual=False, fit_intercept=True,
                   intercept_scaling=1, l1_ratio=None, max_iter=100,
                   multi_class='auto', n_jobs=-1, penalty='l2',
                   random_state=None, solver='saga', tol=0.0001, verbose=0,
                   warm_start=False)
[MIMIC] train AUC: 0.99859414, test AUC: 0.80764643, train F1: 0.99198913, test F1: 0.44220424, test Precision: 0.66916139, test Recall: 0.56353115, sensitivity: 0.15540745, specificity: 0.97165486, PPV: 0.88296041, NPV: 0.45536238
