Current model: DT, current hyper-parameter: 1, current F1 score: 0.34796631
Current model: DT, current hyper-parameter: 2, current F1 score: 0.39252265
Current model: DT, current hyper-parameter: 3, current F1 score: 0.37136755
Current model: DT, current hyper-parameter: 4, current F1 score: 0.40023103
Current model: DT, current hyper-parameter: 5, current F1 score: 0.43375548
Current model: DT, current hyper-parameter: 6, current F1 score: 0.42667193
Current model: DT, current hyper-parameter: 7, current F1 score: 0.45411236
Current model: DT, current hyper-parameter: 8, current F1 score: 0.45536212
Current model: DT, current hyper-parameter: 9, current F1 score: 0.46476596
Current model: DT, current hyper-parameter: 10, current F1 score: 0.46802470
Best hyper-parameter: 10
Model:
DecisionTreeClassifier(class_weight={0: 264, 1: 51678}, criterion='gini',
            max_depth=10, max_features=None, max_leaf_nodes=None,
            min_impurity_decrease=0.0, min_impurity_split=None,
            min_samples_leaf=1, min_samples_split=2,
            min_weight_fraction_leaf=0.0, presort=False, random_state=None,
            splitter='best')
[MIMIC] train AUC: 0.95821880, test AUC: 0.73078383, train F1: 0.49721206, test F1: 0.47924688, test Precision: 0.50816060, test Recall: 0.71792043
[EICU] test AUC: 0.55690164, test F1: 0.41662825, test Precision: 0.50215643, test Recall: 0.56230527
