5 fold CV -- 1/5
5 fold CV -- 2/5
5 fold CV -- 3/5
5 fold CV -- 4/5
5 fold CV -- 5/5
Current model: AdaBoost, current hyper-parameter: 8, current F1 score: 0.73758452; current sensitivity: 0.83243769
5 fold CV -- 1/5
5 fold CV -- 2/5
5 fold CV -- 3/5
5 fold CV -- 4/5
5 fold CV -- 5/5
Current model: AdaBoost, current hyper-parameter: 16, current F1 score: 0.73494890; current sensitivity: 0.80740743
5 fold CV -- 1/5
5 fold CV -- 2/5
5 fold CV -- 3/5
5 fold CV -- 4/5
5 fold CV -- 5/5
Current model: AdaBoost, current hyper-parameter: 32, current F1 score: 0.73499142; current sensitivity: 0.78047705
5 fold CV -- 1/5
5 fold CV -- 2/5
5 fold CV -- 3/5
5 fold CV -- 4/5
5 fold CV -- 5/5
Current model: AdaBoost, current hyper-parameter: 64, current F1 score: 0.73841253; current sensitivity: 0.77088317
5 fold CV -- 1/5
5 fold CV -- 2/5
5 fold CV -- 3/5
5 fold CV -- 4/5
5 fold CV -- 5/5
Current model: AdaBoost, current hyper-parameter: 128, current F1 score: 0.72780090; current sensitivity: 0.72745814
5 fold CV -- 1/5
5 fold CV -- 2/5
5 fold CV -- 3/5
5 fold CV -- 4/5
5 fold CV -- 5/5
Current model: AdaBoost, current hyper-parameter: 256, current F1 score: 0.72067409; current sensitivity: 0.69327011
Best hyper-parameter: 64
Model:
AdaBoostClassifier(algorithm='SAMME.R',
                   base_estimator=DecisionTreeClassifier(ccp_alpha=0.0,
                                                         class_weight=None,
                                                         criterion='gini',
                                                         max_depth=1,
                                                         max_features=None,
                                                         max_leaf_nodes=None,
                                                         min_impurity_decrease=0.0,
                                                         min_impurity_split=None,
                                                         min_samples_leaf=1,
                                                         min_samples_split=2,
                                                         min_weight_fraction_leaf=0.0,
                                                         presort='deprecated',
                                                         random_state=None,
                                                         splitter='best'),
                   learning_rate=1.0, n_estimators=64, random_state=None)
[MIMIC] train AUC: 0.86961706, test AUC: 0.83919037, train F1: 0.78384154, test F1: 0.75893594, test Precision: 0.76045287, test Recall: 0.75879304, sensitivity: 0.79435089, specificity: 0.72323520, PPV: 0.75038593, NPV: 0.77051981
[EICU] test AUC: 0.69397379, test F1: 0.44991101, test Precision: 0.51006099, test Recall: 0.62061486
