Current model: DT, current hyper-parameter: 1, current F1 score: 0.37580353
Current model: DT, current hyper-parameter: 2, current F1 score: 0.45812001
Current model: DT, current hyper-parameter: 3, current F1 score: 0.45220285
Current model: DT, current hyper-parameter: 4, current F1 score: 0.44925098
Current model: DT, current hyper-parameter: 5, current F1 score: 0.45403029
Current model: DT, current hyper-parameter: 6, current F1 score: 0.45991602
Current model: DT, current hyper-parameter: 7, current F1 score: 0.46188242
Current model: DT, current hyper-parameter: 8, current F1 score: 0.47752963
Current model: DT, current hyper-parameter: 9, current F1 score: 0.48728918
Current model: DT, current hyper-parameter: 10, current F1 score: 0.48571513
Best hyper-parameter: 9
Model:
DecisionTreeClassifier(class_weight={0: 215, 1: 44947}, criterion='gini',
            max_depth=9, max_features=None, max_leaf_nodes=None,
            min_impurity_decrease=0.0, min_impurity_split=None,
            min_samples_leaf=1, min_samples_split=2,
            min_weight_fraction_leaf=0.0, presort=False, random_state=None,
            splitter='best')
[MIMIC] train AUC: 0.95537491, test AUC: 0.67961169, train F1: 0.50585687, test F1: 0.47200621, test Precision: 0.50596059, test Recall: 0.67841796
[EICU] test AUC: 0.50086459, test F1: 0.48272692, test Precision: 0.50017400, test Recall: 0.50127575
