5 fold CV -- 1/5
5 fold CV -- 2/5
5 fold CV -- 3/5
5 fold CV -- 4/5
5 fold CV -- 5/5
Current model: GBM, current hyper-parameter: 8, current F1 score: 0.71855297; current sensitivity: 0.87851996
5 fold CV -- 1/5
5 fold CV -- 2/5
5 fold CV -- 3/5
5 fold CV -- 4/5
5 fold CV -- 5/5
Current model: GBM, current hyper-parameter: 16, current F1 score: 0.72743736; current sensitivity: 0.84784583
5 fold CV -- 1/5
5 fold CV -- 2/5
5 fold CV -- 3/5
5 fold CV -- 4/5
5 fold CV -- 5/5
Current model: GBM, current hyper-parameter: 32, current F1 score: 0.74528489; current sensitivity: 0.82306904
5 fold CV -- 1/5
5 fold CV -- 2/5
5 fold CV -- 3/5
5 fold CV -- 4/5
5 fold CV -- 5/5
Current model: GBM, current hyper-parameter: 64, current F1 score: 0.75417730; current sensitivity: 0.78586449
5 fold CV -- 1/5
5 fold CV -- 2/5
5 fold CV -- 3/5
5 fold CV -- 4/5
5 fold CV -- 5/5
Current model: GBM, current hyper-parameter: 128, current F1 score: 0.74682627; current sensitivity: 0.72859636
5 fold CV -- 1/5
5 fold CV -- 2/5
5 fold CV -- 3/5
5 fold CV -- 4/5
5 fold CV -- 5/5
Current model: GBM, current hyper-parameter: 256, current F1 score: 0.73295602; current sensitivity: 0.64838272
Best hyper-parameter: 64
Model:
GradientBoostingClassifier(ccp_alpha=0.0, criterion='friedman_mse', init=None,
                           learning_rate=0.1, loss='deviance', max_depth=3,
                           max_features=None, max_leaf_nodes=None,
                           min_impurity_decrease=0.0, min_impurity_split=None,
                           min_samples_leaf=1, min_samples_split=2,
                           min_weight_fraction_leaf=0.0, n_estimators=64,
                           n_iter_no_change=None, presort='deprecated',
                           random_state=None, subsample=1.0, tol=0.0001,
                           validation_fraction=0.1, verbose=0,
                           warm_start=False)
[MIMIC] train AUC: 0.89619784, test AUC: 0.84648567, train F1: 0.81614517, test F1: 0.76378106, test Precision: 0.76598969, test Recall: 0.76362396, sensitivity: 0.80587253, specificity: 0.72137538, PPV: 0.75232403, NPV: 0.77965535
[EICU] test AUC: 0.66499280, test F1: 0.42633267, test Precision: 0.50895876, test Recall: 0.60987944
