5 fold CV -- 1/5
5 fold CV -- 2/5
5 fold CV -- 3/5
5 fold CV -- 4/5
5 fold CV -- 5/5
Current model: NN, current hyper-parameter: 16, current F1 score: 0.46913350; current sensitivity: 0.15482673
5 fold CV -- 1/5
5 fold CV -- 2/5
5 fold CV -- 3/5
5 fold CV -- 4/5
5 fold CV -- 5/5
Current model: NN, current hyper-parameter: 32, current F1 score: 0.48983619; current sensitivity: 0.18657460
5 fold CV -- 1/5
5 fold CV -- 2/5
5 fold CV -- 3/5
5 fold CV -- 4/5
5 fold CV -- 5/5
Current model: NN, current hyper-parameter: 64, current F1 score: 0.47616194; current sensitivity: 0.16805480
5 fold CV -- 1/5
5 fold CV -- 2/5
5 fold CV -- 3/5
5 fold CV -- 4/5
5 fold CV -- 5/5
Current model: NN, current hyper-parameter: 128, current F1 score: 0.49167377; current sensitivity: 0.18732244
Best hyper-parameter: 128
Model:
MLPClassifier(activation='relu', alpha=0, batch_size='auto', beta_1=0.9,
              beta_2=0.999, early_stopping=False, epsilon=1e-08,
              hidden_layer_sizes=128, learning_rate='constant',
              learning_rate_init=0.001, max_fun=15000, max_iter=2000,
              momentum=0.9, n_iter_no_change=10, nesterovs_momentum=True,
              power_t=0.5, random_state=1, shuffle=True, solver='adam',
              tol=0.0001, validation_fraction=0.1, verbose=False,
              warm_start=False)
[MIMIC] train AUC: 1.00000000, test AUC: 0.72708115, train F1: 1.00000000, test F1: 0.48201808, test Precision: 0.65680108, test Recall: 0.56376497, sensitivity: 0.17690466, specificity: 0.95062527, PPV: 0.79040330, NPV: 0.52319886
[EICU] test AUC: 0.51190154, test F1: 0.48865127, test Precision: 0.50035416, test Recall: 0.50145315
