Current model: DT, current hyper-parameter: 1, current F1 score: 0.37825162
Current model: DT, current hyper-parameter: 2, current F1 score: 0.37825162
Current model: DT, current hyper-parameter: 3, current F1 score: 0.45632637
Current model: DT, current hyper-parameter: 4, current F1 score: 0.45537118
Current model: DT, current hyper-parameter: 5, current F1 score: 0.47403817
Current model: DT, current hyper-parameter: 6, current F1 score: 0.47658118
Current model: DT, current hyper-parameter: 7, current F1 score: 0.45766303
Current model: DT, current hyper-parameter: 8, current F1 score: 0.46381591
Current model: DT, current hyper-parameter: 9, current F1 score: 0.48269076
Current model: DT, current hyper-parameter: 10, current F1 score: 0.48720587
Best hyper-parameter: 10
Model:
DecisionTreeClassifier(class_weight={0: 769, 1: 65458}, criterion='gini',
            max_depth=10, max_features=None, max_leaf_nodes=None,
            min_impurity_decrease=0.0, min_impurity_split=None,
            min_samples_leaf=1, min_samples_split=2,
            min_weight_fraction_leaf=0.0, presort=False, random_state=None,
            splitter='best')
[MIMIC] train AUC: 0.94799987, test AUC: 0.72895681, train F1: 0.53428248, test F1: 0.47831003, test Precision: 0.51484172, test Recall: 0.71589789
[EICU] test AUC: 0.52969418, test F1: 0.50163636, test Precision: 0.50694157, test Recall: 0.53126250
