5 fold CV -- 1/5
5 fold CV -- 2/5
5 fold CV -- 3/5
5 fold CV -- 4/5
5 fold CV -- 5/5
Current model: AdaBoost, current hyper-parameter: 8, current F1 score: 0.73219772; current sensitivity: 0.85628363
5 fold CV -- 1/5
5 fold CV -- 2/5
5 fold CV -- 3/5
5 fold CV -- 4/5
5 fold CV -- 5/5
Current model: AdaBoost, current hyper-parameter: 16, current F1 score: 0.73814425; current sensitivity: 0.79535507
5 fold CV -- 1/5
5 fold CV -- 2/5
5 fold CV -- 3/5
5 fold CV -- 4/5
5 fold CV -- 5/5
Current model: AdaBoost, current hyper-parameter: 32, current F1 score: 0.74675656; current sensitivity: 0.79414507
5 fold CV -- 1/5
5 fold CV -- 2/5
5 fold CV -- 3/5
5 fold CV -- 4/5
5 fold CV -- 5/5
Current model: AdaBoost, current hyper-parameter: 64, current F1 score: 0.73878862; current sensitivity: 0.75115976
5 fold CV -- 1/5
5 fold CV -- 2/5
5 fold CV -- 3/5
5 fold CV -- 4/5
5 fold CV -- 5/5
Current model: AdaBoost, current hyper-parameter: 128, current F1 score: 0.74020047; current sensitivity: 0.72815475
5 fold CV -- 1/5
5 fold CV -- 2/5
5 fold CV -- 3/5
5 fold CV -- 4/5
5 fold CV -- 5/5
Current model: AdaBoost, current hyper-parameter: 256, current F1 score: 0.72662275; current sensitivity: 0.67600890
Best hyper-parameter: 32
Model:
AdaBoostClassifier(algorithm='SAMME.R',
                   base_estimator=DecisionTreeClassifier(ccp_alpha=0.0,
                                                         class_weight={0: 4.514346593474061e-06,
                                                                       1: 4.514346593474061e-06},
                                                         criterion='gini',
                                                         max_depth=1,
                                                         max_features=None,
                                                         max_leaf_nodes=None,
                                                         min_impurity_decrease=0.0,
                                                         min_impurity_split=None,
                                                         min_samples_leaf=1,
                                                         min_samples_split=2,
                                                         min_weight_fraction_leaf=0.0,
                                                         presort='deprecated',
                                                         random_state=None,
                                                         splitter='best'),
                   learning_rate=1.0, n_estimators=32, random_state=None)
[MIMIC] train AUC: 0.86258309, test AUC: 0.83420174, train F1: 0.77334911, test F1: 0.74768803, test Precision: 0.75183709, test Recall: 0.74777260, sensitivity: 0.80650776, specificity: 0.68903745, PPV: 0.73112532, NPV: 0.77254886
[EICU] test AUC: 0.69731696, test F1: 0.40792761, test Precision: 0.50999745, test Recall: 0.64331979
