Current model: DT, current hyper-parameter: 1, current F1 score: 0.43638759
Current model: DT, current hyper-parameter: 2, current F1 score: 0.43638759
Current model: DT, current hyper-parameter: 3, current F1 score: 0.46079847
Current model: DT, current hyper-parameter: 4, current F1 score: 0.44149303
Current model: DT, current hyper-parameter: 5, current F1 score: 0.46404729
Current model: DT, current hyper-parameter: 6, current F1 score: 0.46868299
Current model: DT, current hyper-parameter: 7, current F1 score: 0.47376692
Current model: DT, current hyper-parameter: 8, current F1 score: 0.48081833
Current model: DT, current hyper-parameter: 9, current F1 score: 0.47982736
Current model: DT, current hyper-parameter: 10, current F1 score: 0.48461230
Best hyper-parameter: 10
Model:
DecisionTreeClassifier(class_weight={0: 216, 1: 45398}, criterion='gini',
            max_depth=10, max_features=None, max_leaf_nodes=None,
            min_impurity_decrease=0.0, min_impurity_split=None,
            min_samples_leaf=1, min_samples_split=2,
            min_weight_fraction_leaf=0.0, presort=False, random_state=None,
            splitter='best')
[MIMIC] train AUC: 0.97377781, test AUC: 0.71063247, train F1: 0.53598569, test F1: 0.48774074, test Precision: 0.50855702, test Recall: 0.71118103
[EICU] test AUC: 0.52266998, test F1: 0.49892136, test Precision: 0.50424385, test Recall: 0.52365542
