Current model: DT, current hyper-parameter: 1, current F1 score: 0.37129636
Current model: DT, current hyper-parameter: 2, current F1 score: 0.37095477
Current model: DT, current hyper-parameter: 3, current F1 score: 0.46600113
Current model: DT, current hyper-parameter: 4, current F1 score: 0.40220712
Current model: DT, current hyper-parameter: 5, current F1 score: 0.42840460
Current model: DT, current hyper-parameter: 6, current F1 score: 0.46903482
Current model: DT, current hyper-parameter: 7, current F1 score: 0.45682434
Current model: DT, current hyper-parameter: 8, current F1 score: 0.45163521
Current model: DT, current hyper-parameter: 9, current F1 score: 0.46427195
Current model: DT, current hyper-parameter: 10, current F1 score: 0.47012674
Best hyper-parameter: 10
Model:
DecisionTreeClassifier(class_weight={0: 172, 1: 43878}, criterion='gini',
            max_depth=10, max_features=None, max_leaf_nodes=None,
            min_impurity_decrease=0.0, min_impurity_split=None,
            min_samples_leaf=1, min_samples_split=2,
            min_weight_fraction_leaf=0.0, presort=False, random_state=None,
            splitter='best')
[MIMIC] train AUC: 0.96600077, test AUC: 0.64802405, train F1: 0.51524852, test F1: 0.48531765, test Precision: 0.50597138, test Recall: 0.64667134
[EICU] test AUC: 0.54473237, test F1: 0.42293441, test Precision: 0.50199427, test Recall: 0.54729452
