5 fold CV -- 1/5
5 fold CV -- 2/5
5 fold CV -- 3/5
5 fold CV -- 4/5
5 fold CV -- 5/5
Current model: DT, current hyper-parameter: 1, current F1 score: 0.65245059; current sensitivity: 0.94705134
5 fold CV -- 1/5
5 fold CV -- 2/5
5 fold CV -- 3/5
5 fold CV -- 4/5
5 fold CV -- 5/5
Current model: DT, current hyper-parameter: 2, current F1 score: 0.66768834; current sensitivity: 0.84956246
5 fold CV -- 1/5
5 fold CV -- 2/5
5 fold CV -- 3/5
5 fold CV -- 4/5
5 fold CV -- 5/5
Current model: DT, current hyper-parameter: 3, current F1 score: 0.69007296; current sensitivity: 0.77082352
5 fold CV -- 1/5
5 fold CV -- 2/5
5 fold CV -- 3/5
5 fold CV -- 4/5
5 fold CV -- 5/5
Current model: DT, current hyper-parameter: 4, current F1 score: 0.68197780; current sensitivity: 0.73814752
5 fold CV -- 1/5
5 fold CV -- 2/5
5 fold CV -- 3/5
5 fold CV -- 4/5
5 fold CV -- 5/5
Current model: DT, current hyper-parameter: 5, current F1 score: 0.68396185; current sensitivity: 0.78601692
5 fold CV -- 1/5
5 fold CV -- 2/5
5 fold CV -- 3/5
5 fold CV -- 4/5
5 fold CV -- 5/5
Current model: DT, current hyper-parameter: 6, current F1 score: 0.68643972; current sensitivity: 0.73739493
5 fold CV -- 1/5
5 fold CV -- 2/5
5 fold CV -- 3/5
5 fold CV -- 4/5
5 fold CV -- 5/5
Current model: DT, current hyper-parameter: 7, current F1 score: 0.68161991; current sensitivity: 0.70414318
5 fold CV -- 1/5
5 fold CV -- 2/5
5 fold CV -- 3/5
5 fold CV -- 4/5
5 fold CV -- 5/5
Current model: DT, current hyper-parameter: 8, current F1 score: 0.67548453; current sensitivity: 0.67779091
5 fold CV -- 1/5
5 fold CV -- 2/5
5 fold CV -- 3/5
5 fold CV -- 4/5
5 fold CV -- 5/5
Current model: DT, current hyper-parameter: 9, current F1 score: 0.66359541; current sensitivity: 0.62356447
5 fold CV -- 1/5
5 fold CV -- 2/5
5 fold CV -- 3/5
5 fold CV -- 4/5
5 fold CV -- 5/5
Current model: DT, current hyper-parameter: 10, current F1 score: 0.65994330; current sensitivity: 0.59168887
5 fold CV -- 1/5
5 fold CV -- 2/5
5 fold CV -- 3/5
5 fold CV -- 4/5
5 fold CV -- 5/5
Current model: DT, current hyper-parameter: 11, current F1 score: 0.65321314; current sensitivity: 0.55058100
5 fold CV -- 1/5
5 fold CV -- 2/5
5 fold CV -- 3/5
5 fold CV -- 4/5
5 fold CV -- 5/5
Current model: DT, current hyper-parameter: 12, current F1 score: 0.64553337; current sensitivity: 0.51969169
5 fold CV -- 1/5
5 fold CV -- 2/5
5 fold CV -- 3/5
5 fold CV -- 4/5
5 fold CV -- 5/5
Current model: DT, current hyper-parameter: 13, current F1 score: 0.63810127; current sensitivity: 0.49121522
5 fold CV -- 1/5
5 fold CV -- 2/5
5 fold CV -- 3/5
5 fold CV -- 4/5
5 fold CV -- 5/5
Current model: DT, current hyper-parameter: 14, current F1 score: 0.62662234; current sensitivity: 0.45368036
5 fold CV -- 1/5
5 fold CV -- 2/5
5 fold CV -- 3/5
5 fold CV -- 4/5
5 fold CV -- 5/5
Current model: DT, current hyper-parameter: 15, current F1 score: 0.61447040; current sensitivity: 0.42386982
Best hyper-parameter: 3
Model:
DecisionTreeClassifier(ccp_alpha=0.0,
                       class_weight={0: 6.186970240673142e-06,
                                     1: 6.186970240673142e-06},
                       criterion='gini', max_depth=3, max_features=None,
                       max_leaf_nodes=None, min_impurity_decrease=0.0,
                       min_impurity_split=None, min_samples_leaf=1,
                       min_samples_split=2, min_weight_fraction_leaf=0.0,
                       presort='deprecated', random_state=None,
                       splitter='best')
[MIMIC] train AUC: 0.78210474, test AUC: 0.75526090, train F1: 0.70152975, test F1: 0.67084425, test Precision: 0.69721357, test Recall: 0.68026654, sensitivity: 0.83121569, specificity: 0.52931739, PPV: 0.62816869, NPV: 0.76625845
[EICU] test AUC: 0.62962356, test F1: 0.31746443, test Precision: 0.50728138, test Recall: 0.59748912
