5 fold CV -- 1/5
5 fold CV -- 2/5
5 fold CV -- 3/5
5 fold CV -- 4/5
5 fold CV -- 5/5
Current model: logit_l2, current hyper-parameter: 0.5, current F1 score: 0.67076414; current sensitivity: 0.52426135
5 fold CV -- 1/5
5 fold CV -- 2/5
5 fold CV -- 3/5
5 fold CV -- 4/5
5 fold CV -- 5/5
Current model: logit_l2, current hyper-parameter: 1, current F1 score: 0.67104409; current sensitivity: 0.52426135
5 fold CV -- 1/5
5 fold CV -- 2/5
5 fold CV -- 3/5
5 fold CV -- 4/5
5 fold CV -- 5/5
Current model: logit_l2, current hyper-parameter: 1.5, current F1 score: 0.67111387; current sensitivity: 0.52426135
5 fold CV -- 1/5
5 fold CV -- 2/5
5 fold CV -- 3/5
5 fold CV -- 4/5
5 fold CV -- 5/5
Current model: logit_l2, current hyper-parameter: 2, current F1 score: 0.67111642; current sensitivity: 0.52426135
5 fold CV -- 1/5
5 fold CV -- 2/5
5 fold CV -- 3/5
5 fold CV -- 4/5
5 fold CV -- 5/5
Current model: logit_l2, current hyper-parameter: 2.5, current F1 score: 0.67114811; current sensitivity: 0.52426135
5 fold CV -- 1/5
5 fold CV -- 2/5
5 fold CV -- 3/5
5 fold CV -- 4/5
5 fold CV -- 5/5
Current model: logit_l2, current hyper-parameter: 3, current F1 score: 0.67113207; current sensitivity: 0.52426135
Best hyper-parameter: 2.5
Model:
LogisticRegression(C=2.5, class_weight=None, dual=False, fit_intercept=True,
                   intercept_scaling=1, l1_ratio=None, max_iter=100,
                   multi_class='auto', n_jobs=-1, penalty='l2',
                   random_state=None, solver='saga', tol=0.0001, verbose=0,
                   warm_start=False)
[MIMIC] train AUC: 0.94891886, test AUC: 0.80408268, train F1: 0.91047042, test F1: 0.71747558, test Precision: 0.72971918, test Recall: 0.72026357, sensitivity: 0.61918275, specificity: 0.82134440, PPV: 0.77550053, NPV: 0.68393782
