5 fold CV -- 1/5
5 fold CV -- 2/5
5 fold CV -- 3/5
5 fold CV -- 4/5
5 fold CV -- 5/5
Current model: NN, current hyper-parameter: 16, current F1 score: 0.37285595; current sensitivity: nan
5 fold CV -- 1/5
5 fold CV -- 2/5
5 fold CV -- 3/5
5 fold CV -- 4/5
5 fold CV -- 5/5
Current model: NN, current hyper-parameter: 32, current F1 score: 0.37365935; current sensitivity: nan
5 fold CV -- 1/5
5 fold CV -- 2/5
5 fold CV -- 3/5
5 fold CV -- 4/5
5 fold CV -- 5/5
Current model: NN, current hyper-parameter: 64, current F1 score: 0.47257343; current sensitivity: nan
5 fold CV -- 1/5
5 fold CV -- 2/5
5 fold CV -- 3/5
5 fold CV -- 4/5
5 fold CV -- 5/5
Current model: NN, current hyper-parameter: 128, current F1 score: 0.47394322; current sensitivity: nan
Best hyper-parameter: 128
Model:
MLPClassifier(activation='relu', alpha=0, batch_size='auto', beta_1=0.9,
              beta_2=0.999, early_stopping=False, epsilon=1e-08,
              hidden_layer_sizes=128, learning_rate='constant',
              learning_rate_init=0.001, max_fun=15000, max_iter=2000,
              momentum=0.9, n_iter_no_change=10, nesterovs_momentum=True,
              power_t=0.5, random_state=1, shuffle=True, solver='adam',
              tol=0.0001, validation_fraction=0.1, verbose=False,
              warm_start=False)
[MIMIC] train AUC: 1.00000000, test AUC: 0.60659491, train F1: 1.00000000, test F1: 0.25914894, test Precision: 0.17489948, test Recall: 0.50000000, sensitivity: 0.00000000, specificity: 1.00000000, PPV: nan, NPV: 0.34979897
