Current model: DT, current hyper-parameter: 1, current F1 score: 0.39184001
Current model: DT, current hyper-parameter: 2, current F1 score: 0.38254798
Current model: DT, current hyper-parameter: 3, current F1 score: 0.42467385
Current model: DT, current hyper-parameter: 4, current F1 score: 0.44842035
Current model: DT, current hyper-parameter: 5, current F1 score: 0.44433263
Current model: DT, current hyper-parameter: 6, current F1 score: 0.46411187
Current model: DT, current hyper-parameter: 7, current F1 score: 0.47427449
Current model: DT, current hyper-parameter: 8, current F1 score: 0.47684403
Current model: DT, current hyper-parameter: 9, current F1 score: 0.48034889
Current model: DT, current hyper-parameter: 10, current F1 score: 0.48362958
Best hyper-parameter: 10
Model:
DecisionTreeClassifier(class_weight={0: 215, 1: 44947}, criterion='gini',
            max_depth=10, max_features=None, max_leaf_nodes=None,
            min_impurity_decrease=0.0, min_impurity_split=None,
            min_samples_leaf=1, min_samples_split=2,
            min_weight_fraction_leaf=0.0, presort=False, random_state=None,
            splitter='best')
[MIMIC] train AUC: 0.96563161, test AUC: 0.67478441, train F1: 0.51650535, test F1: 0.47629179, test Precision: 0.50625963, test Recall: 0.67456294
[EICU] test AUC: 0.50885337, test F1: 0.48871831, test Precision: 0.50142375, test Recall: 0.50896096
