5 fold CV -- 1/5
5 fold CV -- 2/5
5 fold CV -- 3/5
5 fold CV -- 4/5
5 fold CV -- 5/5
Current model: DT, current hyper-parameter: 1, current F1 score: 0.59892820; current sensitivity: 0.96264875
5 fold CV -- 1/5
5 fold CV -- 2/5
5 fold CV -- 3/5
5 fold CV -- 4/5
5 fold CV -- 5/5
Current model: DT, current hyper-parameter: 2, current F1 score: 0.66862250; current sensitivity: 0.96264875
5 fold CV -- 1/5
5 fold CV -- 2/5
5 fold CV -- 3/5
5 fold CV -- 4/5
5 fold CV -- 5/5
Current model: DT, current hyper-parameter: 3, current F1 score: 0.66730711; current sensitivity: 0.96337470
5 fold CV -- 1/5
5 fold CV -- 2/5
5 fold CV -- 3/5
5 fold CV -- 4/5
5 fold CV -- 5/5
Current model: DT, current hyper-parameter: 4, current F1 score: 0.69418897; current sensitivity: 0.91106164
5 fold CV -- 1/5
5 fold CV -- 2/5
5 fold CV -- 3/5
5 fold CV -- 4/5
5 fold CV -- 5/5
Current model: DT, current hyper-parameter: 5, current F1 score: 0.71719136; current sensitivity: 0.83480179
5 fold CV -- 1/5
5 fold CV -- 2/5
5 fold CV -- 3/5
5 fold CV -- 4/5
5 fold CV -- 5/5
Current model: DT, current hyper-parameter: 6, current F1 score: 0.71517456; current sensitivity: 0.81854313
5 fold CV -- 1/5
5 fold CV -- 2/5
5 fold CV -- 3/5
5 fold CV -- 4/5
5 fold CV -- 5/5
Current model: DT, current hyper-parameter: 7, current F1 score: 0.71400478; current sensitivity: 0.81189760
5 fold CV -- 1/5
5 fold CV -- 2/5
5 fold CV -- 3/5
5 fold CV -- 4/5
5 fold CV -- 5/5
Current model: DT, current hyper-parameter: 8, current F1 score: 0.70634306; current sensitivity: 0.77862074
5 fold CV -- 1/5
5 fold CV -- 2/5
5 fold CV -- 3/5
5 fold CV -- 4/5
5 fold CV -- 5/5
Current model: DT, current hyper-parameter: 9, current F1 score: 0.69942347; current sensitivity: 0.76273877
5 fold CV -- 1/5
5 fold CV -- 2/5
5 fold CV -- 3/5
5 fold CV -- 4/5
5 fold CV -- 5/5
Current model: DT, current hyper-parameter: 10, current F1 score: 0.69296506; current sensitivity: 0.70438634
5 fold CV -- 1/5
5 fold CV -- 2/5
5 fold CV -- 3/5
5 fold CV -- 4/5
5 fold CV -- 5/5
Current model: DT, current hyper-parameter: 11, current F1 score: 0.68900732; current sensitivity: 0.68437936
5 fold CV -- 1/5
5 fold CV -- 2/5
5 fold CV -- 3/5
5 fold CV -- 4/5
5 fold CV -- 5/5
Current model: DT, current hyper-parameter: 12, current F1 score: 0.68497544; current sensitivity: 0.63156993
5 fold CV -- 1/5
5 fold CV -- 2/5
5 fold CV -- 3/5
5 fold CV -- 4/5
5 fold CV -- 5/5
Current model: DT, current hyper-parameter: 13, current F1 score: 0.67212671; current sensitivity: 0.60604460
5 fold CV -- 1/5
5 fold CV -- 2/5
5 fold CV -- 3/5
5 fold CV -- 4/5
5 fold CV -- 5/5
Current model: DT, current hyper-parameter: 14, current F1 score: 0.66184752; current sensitivity: 0.55645368
5 fold CV -- 1/5
5 fold CV -- 2/5
5 fold CV -- 3/5
5 fold CV -- 4/5
5 fold CV -- 5/5
Current model: DT, current hyper-parameter: 15, current F1 score: 0.65667812; current sensitivity: 0.53110565
Best hyper-parameter: 5
Model:
DecisionTreeClassifier(ccp_alpha=0.0,
                       class_weight={0: 4.98773018374798e-06,
                                     1: 4.98773018374798e-06},
                       criterion='gini', max_depth=5, max_features=None,
                       max_leaf_nodes=None, min_impurity_decrease=0.0,
                       min_impurity_split=None, min_samples_leaf=1,
                       min_samples_split=2, min_weight_fraction_leaf=0.0,
                       presort='deprecated', random_state=None,
                       splitter='best')
[MIMIC] train AUC: 0.80570655, test AUC: 0.77296863, train F1: 0.73486016, test F1: 0.70916805, test Precision: 0.73169513, test Recall: 0.71281665, sensitivity: 0.85081017, specificity: 0.57482313, PPV: 0.67757930, NPV: 0.78581096
[EICU] test AUC: 0.63303298, test F1: 0.33938004, test Precision: 0.50854917, test Recall: 0.61606141
