5 fold CV -- 1/5
5 fold CV -- 2/5
5 fold CV -- 3/5
5 fold CV -- 4/5
5 fold CV -- 5/5
Current model: DT, current hyper-parameter: 1, current F1 score: 0.77066636; current sensitivity: 0.97195073
5 fold CV -- 1/5
5 fold CV -- 2/5
5 fold CV -- 3/5
5 fold CV -- 4/5
5 fold CV -- 5/5
Current model: DT, current hyper-parameter: 2, current F1 score: 0.74491631; current sensitivity: 0.83316095
5 fold CV -- 1/5
5 fold CV -- 2/5
5 fold CV -- 3/5
5 fold CV -- 4/5
5 fold CV -- 5/5
Current model: DT, current hyper-parameter: 3, current F1 score: 0.74953234; current sensitivity: 0.84796388
5 fold CV -- 1/5
5 fold CV -- 2/5
5 fold CV -- 3/5
5 fold CV -- 4/5
5 fold CV -- 5/5
Current model: DT, current hyper-parameter: 4, current F1 score: 0.73799338; current sensitivity: 0.75676337
5 fold CV -- 1/5
5 fold CV -- 2/5
5 fold CV -- 3/5
5 fold CV -- 4/5
5 fold CV -- 5/5
Current model: DT, current hyper-parameter: 5, current F1 score: 0.72051181; current sensitivity: 0.68800552
5 fold CV -- 1/5
5 fold CV -- 2/5
5 fold CV -- 3/5
5 fold CV -- 4/5
5 fold CV -- 5/5
Current model: DT, current hyper-parameter: 6, current F1 score: 0.70683712; current sensitivity: 0.63708916
5 fold CV -- 1/5
5 fold CV -- 2/5
5 fold CV -- 3/5
5 fold CV -- 4/5
5 fold CV -- 5/5
Current model: DT, current hyper-parameter: 7, current F1 score: 0.68919669; current sensitivity: 0.59422442
5 fold CV -- 1/5
5 fold CV -- 2/5
5 fold CV -- 3/5
5 fold CV -- 4/5
5 fold CV -- 5/5
Current model: DT, current hyper-parameter: 8, current F1 score: 0.65890750; current sensitivity: 0.52033827
5 fold CV -- 1/5
5 fold CV -- 2/5
5 fold CV -- 3/5
5 fold CV -- 4/5
5 fold CV -- 5/5
Current model: DT, current hyper-parameter: 9, current F1 score: 0.63578608; current sensitivity: 0.46014877
5 fold CV -- 1/5
5 fold CV -- 2/5
5 fold CV -- 3/5
5 fold CV -- 4/5
5 fold CV -- 5/5
Current model: DT, current hyper-parameter: 10, current F1 score: 0.63483149; current sensitivity: 0.45170348
5 fold CV -- 1/5
5 fold CV -- 2/5
5 fold CV -- 3/5
5 fold CV -- 4/5
5 fold CV -- 5/5
Current model: DT, current hyper-parameter: 11, current F1 score: 0.61797395; current sensitivity: 0.41602894
5 fold CV -- 1/5
5 fold CV -- 2/5
5 fold CV -- 3/5
5 fold CV -- 4/5
5 fold CV -- 5/5
Current model: DT, current hyper-parameter: 12, current F1 score: 0.61458954; current sensitivity: 0.40810705
5 fold CV -- 1/5
5 fold CV -- 2/5
5 fold CV -- 3/5
5 fold CV -- 4/5
5 fold CV -- 5/5
Current model: DT, current hyper-parameter: 13, current F1 score: 0.60214195; current sensitivity: 0.37726406
5 fold CV -- 1/5
5 fold CV -- 2/5
5 fold CV -- 3/5
5 fold CV -- 4/5
5 fold CV -- 5/5
Current model: DT, current hyper-parameter: 14, current F1 score: 0.59584521; current sensitivity: 0.37540523
5 fold CV -- 1/5
5 fold CV -- 2/5
5 fold CV -- 3/5
5 fold CV -- 4/5
5 fold CV -- 5/5
Current model: DT, current hyper-parameter: 15, current F1 score: 0.57370136; current sensitivity: 0.32917204
Best hyper-parameter: 1
Model:
DecisionTreeClassifier(ccp_alpha=0.0, class_weight=None, criterion='gini',
                       max_depth=1, max_features=None, max_leaf_nodes=None,
                       min_impurity_decrease=0.0, min_impurity_split=None,
                       min_samples_leaf=1, min_samples_split=2,
                       min_weight_fraction_leaf=0.0, presort='deprecated',
                       random_state=None, splitter='best')
[MIMIC] train AUC: 0.78285787, test AUC: 0.76373473, train F1: 0.78004479, test F1: 0.72601012, test Precision: 0.78490939, test Recall: 0.76373473, sensitivity: 0.97039090, specificity: 0.55707856, PPV: 0.60575435, NPV: 0.96406444
